16:57:17:569  INFO 7108 --- [main] com.hmall.HMallApplication               : Starting HMallApplication using Java 11.0.25 on PeiDi with PID 7108 (C:\Users\18082\Desktop\java学习\SpringCloud微服务—资料\day03-微服务01\资料\hmall\hm-service\target\classes started by 18082 in C:\Users\18082\Desktop\java学习\SpringCloud微服务—资料\day03-微服务01\资料\hmall)
16:57:17:576 DEBUG 7108 --- [main] com.hmall.HMallApplication               : Running with Spring Boot v2.7.12, Spring v5.3.27
16:57:17:577  INFO 7108 --- [main] com.hmall.HMallApplication               : The following 1 profile is active: "local"
16:57:18:207  INFO 7108 --- [main] .s.d.r.c.RepositoryConfigurationDelegate : Multiple Spring Data modules found, entering strict repository configuration mode
16:57:18:210  INFO 7108 --- [main] .s.d.r.c.RepositoryConfigurationDelegate : Bootstrapping Spring Data Redis repositories in DEFAULT mode.
16:57:18:237  INFO 7108 --- [main] .s.d.r.c.RepositoryConfigurationDelegate : Finished Spring Data repository scanning in 14 ms. Found 0 Redis repository interfaces.
16:57:18:640  INFO 7108 --- [main] o.s.b.w.embedded.tomcat.TomcatWebServer  : Tomcat initialized with port(s): 8080 (http)
16:57:18:641  INFO 7108 --- [main] o.a.catalina.core.AprLifecycleListener   : An older version [1.2.16] of the Apache Tomcat Native library is installed, while Tomcat recommends a minimum version of [1.2.30]
16:57:18:642  INFO 7108 --- [main] o.a.catalina.core.AprLifecycleListener   : Loaded Apache Tomcat Native library [1.2.16] using APR version [1.6.3].
16:57:18:642  INFO 7108 --- [main] o.a.catalina.core.AprLifecycleListener   : APR capabilities: IPv6 [true], sendfile [true], accept filters [false], random [true], UDS [false].
16:57:18:642  INFO 7108 --- [main] o.a.catalina.core.AprLifecycleListener   : APR/OpenSSL configuration: useAprConnector [false], useOpenSSL [true]
16:57:19:681  INFO 7108 --- [main] o.a.catalina.core.AprLifecycleListener   : OpenSSL successfully initialized [OpenSSL 1.0.2m  2 Nov 2017]
16:57:19:689  INFO 7108 --- [main] o.apache.catalina.core.StandardService   : Starting service [Tomcat]
16:57:19:690  INFO 7108 --- [main] org.apache.catalina.core.StandardEngine  : Starting Servlet engine: [Apache Tomcat/9.0.75]
16:57:19:800  INFO 7108 --- [main] o.a.c.c.C.[Tomcat].[localhost].[/]       : Initializing Spring embedded WebApplicationContext
16:57:19:800  INFO 7108 --- [main] w.s.c.ServletWebServerApplicationContext : Root WebApplicationContext: initialization completed in 2187 ms
16:57:21:258  INFO 7108 --- [main] pertySourcedRequestMappingHandlerMapping : Mapped URL path [/v2/api-docs] onto method [springfox.documentation.swagger2.web.Swagger2ControllerWebMvc#getDocumentation(String, HttpServletRequest)]
16:57:21:580  INFO 7108 --- [main] o.s.b.w.embedded.tomcat.TomcatWebServer  : Tomcat started on port(s): 8080 (http) with context path ''
16:57:21:580  INFO 7108 --- [main] d.s.w.p.DocumentationPluginsBootstrapper : Documentation plugins bootstrapped
16:57:21:582  INFO 7108 --- [main] d.s.w.p.DocumentationPluginsBootstrapper : Found 1 custom documentation plugin(s)
16:57:21:603  INFO 7108 --- [main] s.d.s.w.s.ApiListingReferenceScanner     : Scanning for api listing references
16:57:21:736  INFO 7108 --- [main] com.hmall.HMallApplication               : Started HMallApplication in 4.515 seconds (JVM running for 5.26)
16:57:30:633  INFO 7108 --- [http-nio-8080-exec-1] o.a.c.c.C.[Tomcat].[localhost].[/]       : Initializing Spring DispatcherServlet 'dispatcherServlet'
16:57:30:634  INFO 7108 --- [http-nio-8080-exec-1] o.s.web.servlet.DispatcherServlet        : Initializing Servlet 'dispatcherServlet'
16:57:30:635  INFO 7108 --- [http-nio-8080-exec-1] o.s.web.servlet.DispatcherServlet        : Completed initialization in 1 ms
16:57:30:766  INFO 7108 --- [http-nio-8080-exec-1] com.zaxxer.hikari.HikariDataSource       : HikariPool-1 - Starting...
16:57:30:984  INFO 7108 --- [http-nio-8080-exec-1] com.zaxxer.hikari.HikariDataSource       : HikariPool-1 - Start completed.
16:57:30:990 DEBUG 7108 --- [http-nio-8080-exec-1] com.hmall.mapper.UserMapper.selectOne    : ==>  Preparing: SELECT id,username,password,phone,create_time,update_time,status,balance FROM user WHERE (username = ?)
16:57:31:005 DEBUG 7108 --- [http-nio-8080-exec-1] com.hmall.mapper.UserMapper.selectOne    : ==> Parameters: jack(String)
16:57:31:026 DEBUG 7108 --- [http-nio-8080-exec-1] com.hmall.mapper.UserMapper.selectOne    : <==      Total: 1
16:57:31:266 DEBUG 7108 --- [http-nio-8080-exec-2] com.hmall.mapper.CartMapper.selectList   : ==>  Preparing: SELECT id,user_id,item_id,num,name,spec,price,image,create_time,update_time FROM cart WHERE (user_id = ?)
16:57:31:267 DEBUG 7108 --- [http-nio-8080-exec-2] com.hmall.mapper.CartMapper.selectList   : ==> Parameters: 1(Long)
16:57:31:270 DEBUG 7108 --- [http-nio-8080-exec-2] com.hmall.mapper.CartMapper.selectList   : <==      Total: 0
16:57:32:588 DEBUG 7108 --- [http-nio-8080-exec-3] c.h.m.ItemMapper.selectPage_mpCount      : ==>  Preparing: SELECT COUNT(*) FROM item WHERE (status = ?)
16:57:32:588 DEBUG 7108 --- [http-nio-8080-exec-3] c.h.m.ItemMapper.selectPage_mpCount      : ==> Parameters: 1(Integer)
16:57:32:650 DEBUG 7108 --- [http-nio-8080-exec-3] c.h.m.ItemMapper.selectPage_mpCount      : <==      Total: 1
16:57:32:658 DEBUG 7108 --- [http-nio-8080-exec-3] com.hmall.mapper.ItemMapper.selectPage   : ==>  Preparing: SELECT id, name, price, stock, image, category, brand, spec, sold, comment_count, isAD, status, create_time, update_time, creater, updater FROM item WHERE (status = ?) ORDER BY update_time DESC LIMIT ?
16:57:32:659 DEBUG 7108 --- [http-nio-8080-exec-3] com.hmall.mapper.ItemMapper.selectPage   : ==> Parameters: 1(Integer), 20(Long)
16:57:32:671 DEBUG 7108 --- [http-nio-8080-exec-3] com.hmall.mapper.ItemMapper.selectPage   : <==      Total: 20
16:57:33:932 DEBUG 7108 --- [http-nio-8080-exec-5] com.hmall.mapper.CartMapper.selectCount  : ==>  Preparing: SELECT COUNT( * ) FROM cart WHERE (user_id = ? AND item_id = ?)
16:57:33:932 DEBUG 7108 --- [http-nio-8080-exec-5] com.hmall.mapper.CartMapper.selectCount  : ==> Parameters: 1(Long), 100002624512(Long)
16:57:33:934 DEBUG 7108 --- [http-nio-8080-exec-5] com.hmall.mapper.CartMapper.selectCount  : <==      Total: 1
16:57:33:934 DEBUG 7108 --- [http-nio-8080-exec-5] com.hmall.mapper.CartMapper.selectCount  : ==>  Preparing: SELECT COUNT( * ) FROM cart WHERE (user_id = ?)
16:57:33:935 DEBUG 7108 --- [http-nio-8080-exec-5] com.hmall.mapper.CartMapper.selectCount  : ==> Parameters: 1(Long)
16:57:33:936 DEBUG 7108 --- [http-nio-8080-exec-5] com.hmall.mapper.CartMapper.selectCount  : <==      Total: 1
16:57:33:938 DEBUG 7108 --- [http-nio-8080-exec-5] com.hmall.mapper.CartMapper.insert       : ==>  Preparing: INSERT INTO cart ( user_id, item_id, name, spec, price, image ) VALUES ( ?, ?, ?, ?, ?, ? )
16:57:33:938 DEBUG 7108 --- [http-nio-8080-exec-5] com.hmall.mapper.CartMapper.insert       : ==> Parameters: 1(Long), 100002624512(Long), 【千玺代言】华为新品 HUAWEI nova 4 极点全面屏手机 2000万超广角三摄 8GB+128GB 蜜语红 全网通双卡双待(String), {"颜色": "红色"}(String), 90600(Integer), https://m.360buyimg.com/mobilecms/s720x720_jfs/t1/20085/14/1076/149604/5c0f8dd2Ebafd3bfd/0cb34a7826cbe1c3.jpg!q70.jpg.webp(String)
16:57:33:948 DEBUG 7108 --- [http-nio-8080-exec-5] com.hmall.mapper.CartMapper.insert       : <==    Updates: 1
16:57:33:987 DEBUG 7108 --- [http-nio-8080-exec-4] com.hmall.mapper.CartMapper.selectList   : ==>  Preparing: SELECT id,user_id,item_id,num,name,spec,price,image,create_time,update_time FROM cart WHERE (user_id = ?)
16:57:33:987 DEBUG 7108 --- [http-nio-8080-exec-4] com.hmall.mapper.CartMapper.selectList   : ==> Parameters: 1(Long)
16:57:33:989 DEBUG 7108 --- [http-nio-8080-exec-4] com.hmall.mapper.CartMapper.selectList   : <==      Total: 1
16:57:33:993 DEBUG 7108 --- [http-nio-8080-exec-4] c.h.mapper.ItemMapper.selectBatchIds     : ==>  Preparing: SELECT id,name,price,stock,image,category,brand,spec,sold,comment_count,isAD,status,create_time,update_time,creater,updater FROM item WHERE id IN ( ? )
16:57:33:993 DEBUG 7108 --- [http-nio-8080-exec-4] c.h.mapper.ItemMapper.selectBatchIds     : ==> Parameters: 100002624512(Long)
16:57:33:995 DEBUG 7108 --- [http-nio-8080-exec-4] c.h.mapper.ItemMapper.selectBatchIds     : <==      Total: 1
16:57:36:894 DEBUG 7108 --- [http-nio-8080-exec-6] c.hmall.mapper.AddressMapper.selectList  : ==>  Preparing: SELECT id,user_id,province,city,town,mobile,street,contact,is_default,notes FROM address WHERE (user_id = ?)
16:57:36:894 DEBUG 7108 --- [http-nio-8080-exec-6] c.hmall.mapper.AddressMapper.selectList  : ==> Parameters: 1(Long)
16:57:36:898 DEBUG 7108 --- [http-nio-8080-exec-6] c.hmall.mapper.AddressMapper.selectList  : <==      Total: 4
16:57:39:980 DEBUG 7108 --- [http-nio-8080-exec-8] c.h.mapper.ItemMapper.selectBatchIds     : ==>  Preparing: SELECT id,name,price,stock,image,category,brand,spec,sold,comment_count,isAD,status,create_time,update_time,creater,updater FROM item WHERE id IN ( ? )
16:57:39:980 DEBUG 7108 --- [http-nio-8080-exec-8] c.h.mapper.ItemMapper.selectBatchIds     : ==> Parameters: 100002624512(Long)
16:57:39:981 DEBUG 7108 --- [http-nio-8080-exec-8] c.h.mapper.ItemMapper.selectBatchIds     : <==      Total: 1
16:57:39:984 DEBUG 7108 --- [http-nio-8080-exec-8] com.hmall.mapper.OrderMapper.insert      : ==>  Preparing: INSERT INTO `order` ( id, total_fee, payment_type, user_id, status ) VALUES ( ?, ?, ?, ?, ? )
16:57:39:985 DEBUG 7108 --- [http-nio-8080-exec-8] com.hmall.mapper.OrderMapper.insert      : ==> Parameters: 1881989595854303233(Long), 90600(Integer), 3(Integer), 1(Long), 1(Integer)
16:57:39:989 DEBUG 7108 --- [http-nio-8080-exec-8] com.hmall.mapper.OrderMapper.insert      : <==    Updates: 1
16:57:39:994 DEBUG 7108 --- [http-nio-8080-exec-8] c.hmall.mapper.OrderDetailMapper.insert  : ==>  Preparing: INSERT INTO order_detail ( order_id, item_id, num, name, spec, price, image ) VALUES ( ?, ?, ?, ?, ?, ?, ? )
16:57:39:995 DEBUG 7108 --- [http-nio-8080-exec-8] c.hmall.mapper.OrderDetailMapper.insert  : ==> Parameters: 1881989595854303233(Long), 100002624512(Long), 1(Integer), 【千玺代言】华为新品 HUAWEI nova 4 极点全面屏手机 2000万超广角三摄 8GB+128GB 蜜语红 全网通双卡双待(String), {"颜色": "红色"}(String), 90600(Integer), https://m.360buyimg.com/mobilecms/s720x720_jfs/t1/20085/14/1076/149604/5c0f8dd2Ebafd3bfd/0cb34a7826cbe1c3.jpg!q70.jpg.webp(String)
16:57:40:001 DEBUG 7108 --- [http-nio-8080-exec-8] com.hmall.mapper.CartMapper.delete       : ==>  Preparing: DELETE FROM cart WHERE (user_id = ? AND item_id IN (?))
16:57:40:002 DEBUG 7108 --- [http-nio-8080-exec-8] com.hmall.mapper.CartMapper.delete       : ==> Parameters: 1(Long), 100002624512(Long)
16:57:40:003 DEBUG 7108 --- [http-nio-8080-exec-8] com.hmall.mapper.CartMapper.delete       : <==    Updates: 1
16:57:40:004 DEBUG 7108 --- [http-nio-8080-exec-8] com.hmall.mapper.ItemMapper.updateStock  : ==>  Preparing: UPDATE item SET stock = stock - ? WHERE id = ?
16:57:40:004 DEBUG 7108 --- [http-nio-8080-exec-8] com.hmall.mapper.ItemMapper.updateStock  : ==> Parameters: 1(Integer), 100002624512(Long)
16:57:40:134 DEBUG 7108 --- [http-nio-8080-exec-7] com.hmall.mapper.OrderMapper.selectById  : ==>  Preparing: SELECT id,total_fee,payment_type,user_id,status,create_time,pay_time,consign_time,end_time,close_time,comment_time,update_time FROM `order` WHERE id=?
16:57:40:134 DEBUG 7108 --- [http-nio-8080-exec-7] com.hmall.mapper.OrderMapper.selectById  : ==> Parameters: 1881989595854303233(Long)
16:57:40:136 DEBUG 7108 --- [http-nio-8080-exec-7] com.hmall.mapper.OrderMapper.selectById  : <==      Total: 1
16:57:40:155 DEBUG 7108 --- [http-nio-8080-exec-9] c.hmall.mapper.PayOrderMapper.selectOne  : ==>  Preparing: SELECT id,biz_order_no,pay_order_no,biz_user_id,pay_channel_code,amount,pay_type,status,expand_json,result_code,result_msg,pay_success_time,pay_over_time,qr_code_url,create_time,update_time,creater,updater,is_delete FROM pay_order WHERE (biz_order_no = ?)
16:57:40:156 DEBUG 7108 --- [http-nio-8080-exec-9] c.hmall.mapper.PayOrderMapper.selectOne  : ==> Parameters: 1881989595854303233(Long)
16:57:40:159 DEBUG 7108 --- [http-nio-8080-exec-9] c.hmall.mapper.PayOrderMapper.selectOne  : <==      Total: 0
16:57:40:162 DEBUG 7108 --- [http-nio-8080-exec-9] com.hmall.mapper.PayOrderMapper.insert   : ==>  Preparing: INSERT INTO pay_order ( id, biz_order_no, pay_order_no, biz_user_id, pay_channel_code, amount, pay_type, status, pay_over_time ) VALUES ( ?, ?, ?, ?, ?, ?, ?, ?, ? )
16:57:40:164 DEBUG 7108 --- [http-nio-8080-exec-9] com.hmall.mapper.PayOrderMapper.insert   : ==> Parameters: 1881989596563140611(Long), 1881989595854303233(Long), 1881989596563140610(Long), 1(Long), balance(String), 90600(Integer), 5(Integer), 1(Integer), 2025-01-22T18:57:40.160030800(LocalDateTime)
16:57:40:167 DEBUG 7108 --- [http-nio-8080-exec-9] com.hmall.mapper.PayOrderMapper.insert   : <==    Updates: 1
16:57:43:815 DEBUG 7108 --- [http-nio-8080-exec-10] c.h.mapper.PayOrderMapper.selectById     : ==>  Preparing: SELECT id,biz_order_no,pay_order_no,biz_user_id,pay_channel_code,amount,pay_type,status,expand_json,result_code,result_msg,pay_success_time,pay_over_time,qr_code_url,create_time,update_time,creater,updater,is_delete FROM pay_order WHERE id=?
16:57:43:816 DEBUG 7108 --- [http-nio-8080-exec-10] c.h.mapper.PayOrderMapper.selectById     : ==> Parameters: 1881989596563140611(Long)
16:57:43:818 DEBUG 7108 --- [http-nio-8080-exec-10] c.h.mapper.PayOrderMapper.selectById     : <==      Total: 1
16:57:43:818  INFO 7108 --- [http-nio-8080-exec-10] com.hmall.service.impl.UserServiceImpl   : 开始扣款
16:57:43:818 DEBUG 7108 --- [http-nio-8080-exec-10] com.hmall.mapper.UserMapper.selectById   : ==>  Preparing: SELECT id,username,password,phone,create_time,update_time,status,balance FROM user WHERE id=?
16:57:43:818 DEBUG 7108 --- [http-nio-8080-exec-10] com.hmall.mapper.UserMapper.selectById   : ==> Parameters: 1(Long)
16:57:43:819 DEBUG 7108 --- [http-nio-8080-exec-10] com.hmall.mapper.UserMapper.selectById   : <==      Total: 1
16:57:43:889 ERROR 7108 --- [http-nio-8080-exec-10] c.h.common.advice.CommonExceptionAdvice  : 自定义异常 -> com.hmall.common.exception.BizIllegalException , 异常原因：用户密码错误  
16:57:43:892 DEBUG 7108 --- [http-nio-8080-exec-10] c.h.common.advice.CommonExceptionAdvice  : 

com.hmall.common.exception.BizIllegalException: 用户密码错误
	at com.hmall.service.impl.UserServiceImpl.deductMoney(UserServiceImpl.java:74) ~[classes/:na]
	at com.hmall.service.impl.UserServiceImpl$$FastClassBySpringCGLIB$$84609514.invoke(<generated>) ~[classes/:na]
	at org.springframework.cglib.proxy.MethodProxy.invoke(MethodProxy.java:218) ~[spring-core-5.3.27.jar:5.3.27]
	at org.springframework.aop.framework.CglibAopProxy.invokeMethod(CglibAopProxy.java:386) ~[spring-aop-5.3.27.jar:5.3.27]
	at org.springframework.aop.framework.CglibAopProxy.access$000(CglibAopProxy.java:85) ~[spring-aop-5.3.27.jar:5.3.27]
	at org.springframework.aop.framework.CglibAopProxy$DynamicAdvisedInterceptor.intercept(CglibAopProxy.java:704) ~[spring-aop-5.3.27.jar:5.3.27]
	at com.hmall.service.impl.UserServiceImpl$$EnhancerBySpringCGLIB$$fec07ddb.deductMoney(<generated>) ~[classes/:na]
	at com.hmall.service.impl.PayOrderServiceImpl.tryPayOrderByBalance(PayOrderServiceImpl.java:59) ~[classes/:na]
	at com.hmall.service.impl.PayOrderServiceImpl$$FastClassBySpringCGLIB$$ea1e9979.invoke(<generated>) ~[classes/:na]
	at org.springframework.cglib.proxy.MethodProxy.invoke(MethodProxy.java:218) ~[spring-core-5.3.27.jar:5.3.27]
	at org.springframework.aop.framework.CglibAopProxy$CglibMethodInvocation.invokeJoinpoint(CglibAopProxy.java:793) ~[spring-aop-5.3.27.jar:5.3.27]
	at org.springframework.aop.framework.ReflectiveMethodInvocation.proceed(ReflectiveMethodInvocation.java:163) ~[spring-aop-5.3.27.jar:5.3.27]
	at org.springframework.aop.framework.CglibAopProxy$CglibMethodInvocation.proceed(CglibAopProxy.java:763) ~[spring-aop-5.3.27.jar:5.3.27]
	at org.springframework.transaction.interceptor.TransactionInterceptor$1.proceedWithInvocation(TransactionInterceptor.java:123) ~[spring-tx-5.3.27.jar:5.3.27]
	at org.springframework.transaction.interceptor.TransactionAspectSupport.invokeWithinTransaction(TransactionAspectSupport.java:388) ~[spring-tx-5.3.27.jar:5.3.27]
	at org.springframework.transaction.interceptor.TransactionInterceptor.invoke(TransactionInterceptor.java:119) ~[spring-tx-5.3.27.jar:5.3.27]
	at org.springframework.aop.framework.ReflectiveMethodInvocation.proceed(ReflectiveMethodInvocation.java:186) ~[spring-aop-5.3.27.jar:5.3.27]
	at org.springframework.aop.framework.CglibAopProxy$CglibMethodInvocation.proceed(CglibAopProxy.java:763) ~[spring-aop-5.3.27.jar:5.3.27]
	at org.springframework.aop.framework.CglibAopProxy$DynamicAdvisedInterceptor.intercept(CglibAopProxy.java:708) ~[spring-aop-5.3.27.jar:5.3.27]
	at com.hmall.service.impl.PayOrderServiceImpl$$EnhancerBySpringCGLIB$$e139f22a.tryPayOrderByBalance(<generated>) ~[classes/:na]
	at com.hmall.controller.PayController.tryPayOrderByBalance(PayController.java:37) ~[classes/:na]
	at java.base/jdk.internal.reflect.NativeMethodAccessorImpl.invoke0(Native Method) ~[na:na]
	at java.base/jdk.internal.reflect.NativeMethodAccessorImpl.invoke(NativeMethodAccessorImpl.java:62) ~[na:na]
	at java.base/jdk.internal.reflect.DelegatingMethodAccessorImpl.invoke(DelegatingMethodAccessorImpl.java:43) ~[na:na]
	at java.base/java.lang.reflect.Method.invoke(Method.java:566) ~[na:na]
	at org.springframework.web.method.support.InvocableHandlerMethod.doInvoke(InvocableHandlerMethod.java:205) ~[spring-web-5.3.27.jar:5.3.27]
	at org.springframework.web.method.support.InvocableHandlerMethod.invokeForRequest(InvocableHandlerMethod.java:150) ~[spring-web-5.3.27.jar:5.3.27]
	at org.springframework.web.servlet.mvc.method.annotation.ServletInvocableHandlerMethod.invokeAndHandle(ServletInvocableHandlerMethod.java:117) ~[spring-webmvc-5.3.27.jar:5.3.27]
	at org.springframework.web.servlet.mvc.method.annotation.RequestMappingHandlerAdapter.invokeHandlerMethod(RequestMappingHandlerAdapter.java:895) ~[spring-webmvc-5.3.27.jar:5.3.27]
	at org.springframework.web.servlet.mvc.method.annotation.RequestMappingHandlerAdapter.handleInternal(RequestMappingHandlerAdapter.java:808) ~[spring-webmvc-5.3.27.jar:5.3.27]
	at org.springframework.web.servlet.mvc.method.AbstractHandlerMethodAdapter.handle(AbstractHandlerMethodAdapter.java:87) ~[spring-webmvc-5.3.27.jar:5.3.27]
	at org.springframework.web.servlet.DispatcherServlet.doDispatch(DispatcherServlet.java:1072) ~[spring-webmvc-5.3.27.jar:5.3.27]
	at org.springframework.web.servlet.DispatcherServlet.doService(DispatcherServlet.java:965) ~[spring-webmvc-5.3.27.jar:5.3.27]
	at org.springframework.web.servlet.FrameworkServlet.processRequest(FrameworkServlet.java:1006) ~[spring-webmvc-5.3.27.jar:5.3.27]
	at org.springframework.web.servlet.FrameworkServlet.doPost(FrameworkServlet.java:909) ~[spring-webmvc-5.3.27.jar:5.3.27]
	at javax.servlet.http.HttpServlet.service(HttpServlet.java:555) ~[tomcat-embed-core-9.0.75.jar:4.0.FR]
	at org.springframework.web.servlet.FrameworkServlet.service(FrameworkServlet.java:883) ~[spring-webmvc-5.3.27.jar:5.3.27]
	at javax.servlet.http.HttpServlet.service(HttpServlet.java:623) ~[tomcat-embed-core-9.0.75.jar:4.0.FR]
	at org.apache.catalina.core.ApplicationFilterChain.internalDoFilter(ApplicationFilterChain.java:209) ~[tomcat-embed-core-9.0.75.jar:9.0.75]
	at org.apache.catalina.core.ApplicationFilterChain.doFilter(ApplicationFilterChain.java:153) ~[tomcat-embed-core-9.0.75.jar:9.0.75]
	at org.apache.tomcat.websocket.server.WsFilter.doFilter(WsFilter.java:51) ~[tomcat-embed-websocket-9.0.75.jar:9.0.75]
	at org.apache.catalina.core.ApplicationFilterChain.internalDoFilter(ApplicationFilterChain.java:178) ~[tomcat-embed-core-9.0.75.jar:9.0.75]
	at org.apache.catalina.core.ApplicationFilterChain.doFilter(ApplicationFilterChain.java:153) ~[tomcat-embed-core-9.0.75.jar:9.0.75]
	at org.springframework.web.filter.RequestContextFilter.doFilterInternal(RequestContextFilter.java:100) ~[spring-web-5.3.27.jar:5.3.27]
	at org.springframework.web.filter.OncePerRequestFilter.doFilter(OncePerRequestFilter.java:117) ~[spring-web-5.3.27.jar:5.3.27]
	at org.apache.catalina.core.ApplicationFilterChain.internalDoFilter(ApplicationFilterChain.java:178) ~[tomcat-embed-core-9.0.75.jar:9.0.75]
	at org.apache.catalina.core.ApplicationFilterChain.doFilter(ApplicationFilterChain.java:153) ~[tomcat-embed-core-9.0.75.jar:9.0.75]
	at org.springframework.web.filter.FormContentFilter.doFilterInternal(FormContentFilter.java:93) ~[spring-web-5.3.27.jar:5.3.27]
	at org.springframework.web.filter.OncePerRequestFilter.doFilter(OncePerRequestFilter.java:117) ~[spring-web-5.3.27.jar:5.3.27]
	at org.apache.catalina.core.ApplicationFilterChain.internalDoFilter(ApplicationFilterChain.java:178) ~[tomcat-embed-core-9.0.75.jar:9.0.75]
	at org.apache.catalina.core.ApplicationFilterChain.doFilter(ApplicationFilterChain.java:153) ~[tomcat-embed-core-9.0.75.jar:9.0.75]
	at org.springframework.web.filter.CharacterEncodingFilter.doFilterInternal(CharacterEncodingFilter.java:201) ~[spring-web-5.3.27.jar:5.3.27]
	at org.springframework.web.filter.OncePerRequestFilter.doFilter(OncePerRequestFilter.java:117) ~[spring-web-5.3.27.jar:5.3.27]
	at org.apache.catalina.core.ApplicationFilterChain.internalDoFilter(ApplicationFilterChain.java:178) ~[tomcat-embed-core-9.0.75.jar:9.0.75]
	at org.apache.catalina.core.ApplicationFilterChain.doFilter(ApplicationFilterChain.java:153) ~[tomcat-embed-core-9.0.75.jar:9.0.75]
	at org.apache.catalina.core.StandardWrapperValve.invoke(StandardWrapperValve.java:167) ~[tomcat-embed-core-9.0.75.jar:9.0.75]
	at org.apache.catalina.core.StandardContextValve.invoke(StandardContextValve.java:90) ~[tomcat-embed-core-9.0.75.jar:9.0.75]
	at org.apache.catalina.authenticator.AuthenticatorBase.invoke(AuthenticatorBase.java:481) ~[tomcat-embed-core-9.0.75.jar:9.0.75]
	at org.apache.catalina.core.StandardHostValve.invoke(StandardHostValve.java:130) ~[tomcat-embed-core-9.0.75.jar:9.0.75]
	at org.apache.catalina.valves.ErrorReportValve.invoke(ErrorReportValve.java:93) ~[tomcat-embed-core-9.0.75.jar:9.0.75]
	at org.apache.catalina.core.StandardEngineValve.invoke(StandardEngineValve.java:74) ~[tomcat-embed-core-9.0.75.jar:9.0.75]
	at org.apache.catalina.connector.CoyoteAdapter.service(CoyoteAdapter.java:343) ~[tomcat-embed-core-9.0.75.jar:9.0.75]
	at org.apache.coyote.http11.Http11Processor.service(Http11Processor.java:390) ~[tomcat-embed-core-9.0.75.jar:9.0.75]
	at org.apache.coyote.AbstractProcessorLight.process(AbstractProcessorLight.java:63) ~[tomcat-embed-core-9.0.75.jar:9.0.75]
	at org.apache.coyote.AbstractProtocol$ConnectionHandler.process(AbstractProtocol.java:926) ~[tomcat-embed-core-9.0.75.jar:9.0.75]
	at org.apache.tomcat.util.net.NioEndpoint$SocketProcessor.doRun(NioEndpoint.java:1791) ~[tomcat-embed-core-9.0.75.jar:9.0.75]
	at org.apache.tomcat.util.net.SocketProcessorBase.run(SocketProcessorBase.java:52) ~[tomcat-embed-core-9.0.75.jar:9.0.75]
	at org.apache.tomcat.util.threads.ThreadPoolExecutor.runWorker(ThreadPoolExecutor.java:1191) ~[tomcat-embed-core-9.0.75.jar:9.0.75]
	at org.apache.tomcat.util.threads.ThreadPoolExecutor$Worker.run(ThreadPoolExecutor.java:659) ~[tomcat-embed-core-9.0.75.jar:9.0.75]
	at org.apache.tomcat.util.threads.TaskThread$WrappingRunnable.run(TaskThread.java:61) ~[tomcat-embed-core-9.0.75.jar:9.0.75]
	at java.base/java.lang.Thread.run(Thread.java:829) ~[na:na]

16:57:47:225 DEBUG 7108 --- [http-nio-8080-exec-1] c.h.mapper.PayOrderMapper.selectById     : ==>  Preparing: SELECT id,biz_order_no,pay_order_no,biz_user_id,pay_channel_code,amount,pay_type,status,expand_json,result_code,result_msg,pay_success_time,pay_over_time,qr_code_url,create_time,update_time,creater,updater,is_delete FROM pay_order WHERE id=?
16:57:47:225 DEBUG 7108 --- [http-nio-8080-exec-1] c.h.mapper.PayOrderMapper.selectById     : ==> Parameters: 1881989596563140611(Long)
16:57:47:227 DEBUG 7108 --- [http-nio-8080-exec-1] c.h.mapper.PayOrderMapper.selectById     : <==      Total: 1
16:57:47:227  INFO 7108 --- [http-nio-8080-exec-1] com.hmall.service.impl.UserServiceImpl   : 开始扣款
16:57:47:227 DEBUG 7108 --- [http-nio-8080-exec-1] com.hmall.mapper.UserMapper.selectById   : ==>  Preparing: SELECT id,username,password,phone,create_time,update_time,status,balance FROM user WHERE id=?
16:57:47:228 DEBUG 7108 --- [http-nio-8080-exec-1] com.hmall.mapper.UserMapper.selectById   : ==> Parameters: 1(Long)
16:57:47:230 DEBUG 7108 --- [http-nio-8080-exec-1] com.hmall.mapper.UserMapper.selectById   : <==      Total: 1
16:57:47:298 ERROR 7108 --- [http-nio-8080-exec-1] c.h.common.advice.CommonExceptionAdvice  : 自定义异常 -> com.hmall.common.exception.BizIllegalException , 异常原因：用户密码错误  
16:57:47:299 DEBUG 7108 --- [http-nio-8080-exec-1] c.h.common.advice.CommonExceptionAdvice  : 

com.hmall.common.exception.BizIllegalException: 用户密码错误
	at com.hmall.service.impl.UserServiceImpl.deductMoney(UserServiceImpl.java:74) ~[classes/:na]
	at com.hmall.service.impl.UserServiceImpl$$FastClassBySpringCGLIB$$84609514.invoke(<generated>) ~[classes/:na]
	at org.springframework.cglib.proxy.MethodProxy.invoke(MethodProxy.java:218) ~[spring-core-5.3.27.jar:5.3.27]
	at org.springframework.aop.framework.CglibAopProxy.invokeMethod(CglibAopProxy.java:386) ~[spring-aop-5.3.27.jar:5.3.27]
	at org.springframework.aop.framework.CglibAopProxy.access$000(CglibAopProxy.java:85) ~[spring-aop-5.3.27.jar:5.3.27]
	at org.springframework.aop.framework.CglibAopProxy$DynamicAdvisedInterceptor.intercept(CglibAopProxy.java:704) ~[spring-aop-5.3.27.jar:5.3.27]
	at com.hmall.service.impl.UserServiceImpl$$EnhancerBySpringCGLIB$$fec07ddb.deductMoney(<generated>) ~[classes/:na]
	at com.hmall.service.impl.PayOrderServiceImpl.tryPayOrderByBalance(PayOrderServiceImpl.java:59) ~[classes/:na]
	at com.hmall.service.impl.PayOrderServiceImpl$$FastClassBySpringCGLIB$$ea1e9979.invoke(<generated>) ~[classes/:na]
	at org.springframework.cglib.proxy.MethodProxy.invoke(MethodProxy.java:218) ~[spring-core-5.3.27.jar:5.3.27]
	at org.springframework.aop.framework.CglibAopProxy$CglibMethodInvocation.invokeJoinpoint(CglibAopProxy.java:793) ~[spring-aop-5.3.27.jar:5.3.27]
	at org.springframework.aop.framework.ReflectiveMethodInvocation.proceed(ReflectiveMethodInvocation.java:163) ~[spring-aop-5.3.27.jar:5.3.27]
	at org.springframework.aop.framework.CglibAopProxy$CglibMethodInvocation.proceed(CglibAopProxy.java:763) ~[spring-aop-5.3.27.jar:5.3.27]
	at org.springframework.transaction.interceptor.TransactionInterceptor$1.proceedWithInvocation(TransactionInterceptor.java:123) ~[spring-tx-5.3.27.jar:5.3.27]
	at org.springframework.transaction.interceptor.TransactionAspectSupport.invokeWithinTransaction(TransactionAspectSupport.java:388) ~[spring-tx-5.3.27.jar:5.3.27]
	at org.springframework.transaction.interceptor.TransactionInterceptor.invoke(TransactionInterceptor.java:119) ~[spring-tx-5.3.27.jar:5.3.27]
	at org.springframework.aop.framework.ReflectiveMethodInvocation.proceed(ReflectiveMethodInvocation.java:186) ~[spring-aop-5.3.27.jar:5.3.27]
	at org.springframework.aop.framework.CglibAopProxy$CglibMethodInvocation.proceed(CglibAopProxy.java:763) ~[spring-aop-5.3.27.jar:5.3.27]
	at org.springframework.aop.framework.CglibAopProxy$DynamicAdvisedInterceptor.intercept(CglibAopProxy.java:708) ~[spring-aop-5.3.27.jar:5.3.27]
	at com.hmall.service.impl.PayOrderServiceImpl$$EnhancerBySpringCGLIB$$e139f22a.tryPayOrderByBalance(<generated>) ~[classes/:na]
	at com.hmall.controller.PayController.tryPayOrderByBalance(PayController.java:37) ~[classes/:na]
	at java.base/jdk.internal.reflect.NativeMethodAccessorImpl.invoke0(Native Method) ~[na:na]
	at java.base/jdk.internal.reflect.NativeMethodAccessorImpl.invoke(NativeMethodAccessorImpl.java:62) ~[na:na]
	at java.base/jdk.internal.reflect.DelegatingMethodAccessorImpl.invoke(DelegatingMethodAccessorImpl.java:43) ~[na:na]
	at java.base/java.lang.reflect.Method.invoke(Method.java:566) ~[na:na]
	at org.springframework.web.method.support.InvocableHandlerMethod.doInvoke(InvocableHandlerMethod.java:205) ~[spring-web-5.3.27.jar:5.3.27]
	at org.springframework.web.method.support.InvocableHandlerMethod.invokeForRequest(InvocableHandlerMethod.java:150) ~[spring-web-5.3.27.jar:5.3.27]
	at org.springframework.web.servlet.mvc.method.annotation.ServletInvocableHandlerMethod.invokeAndHandle(ServletInvocableHandlerMethod.java:117) ~[spring-webmvc-5.3.27.jar:5.3.27]
	at org.springframework.web.servlet.mvc.method.annotation.RequestMappingHandlerAdapter.invokeHandlerMethod(RequestMappingHandlerAdapter.java:895) ~[spring-webmvc-5.3.27.jar:5.3.27]
	at org.springframework.web.servlet.mvc.method.annotation.RequestMappingHandlerAdapter.handleInternal(RequestMappingHandlerAdapter.java:808) ~[spring-webmvc-5.3.27.jar:5.3.27]
	at org.springframework.web.servlet.mvc.method.AbstractHandlerMethodAdapter.handle(AbstractHandlerMethodAdapter.java:87) ~[spring-webmvc-5.3.27.jar:5.3.27]
	at org.springframework.web.servlet.DispatcherServlet.doDispatch(DispatcherServlet.java:1072) ~[spring-webmvc-5.3.27.jar:5.3.27]
	at org.springframework.web.servlet.DispatcherServlet.doService(DispatcherServlet.java:965) ~[spring-webmvc-5.3.27.jar:5.3.27]
	at org.springframework.web.servlet.FrameworkServlet.processRequest(FrameworkServlet.java:1006) ~[spring-webmvc-5.3.27.jar:5.3.27]
	at org.springframework.web.servlet.FrameworkServlet.doPost(FrameworkServlet.java:909) ~[spring-webmvc-5.3.27.jar:5.3.27]
	at javax.servlet.http.HttpServlet.service(HttpServlet.java:555) ~[tomcat-embed-core-9.0.75.jar:4.0.FR]
	at org.springframework.web.servlet.FrameworkServlet.service(FrameworkServlet.java:883) ~[spring-webmvc-5.3.27.jar:5.3.27]
	at javax.servlet.http.HttpServlet.service(HttpServlet.java:623) ~[tomcat-embed-core-9.0.75.jar:4.0.FR]
	at org.apache.catalina.core.ApplicationFilterChain.internalDoFilter(ApplicationFilterChain.java:209) ~[tomcat-embed-core-9.0.75.jar:9.0.75]
	at org.apache.catalina.core.ApplicationFilterChain.doFilter(ApplicationFilterChain.java:153) ~[tomcat-embed-core-9.0.75.jar:9.0.75]
	at org.apache.tomcat.websocket.server.WsFilter.doFilter(WsFilter.java:51) ~[tomcat-embed-websocket-9.0.75.jar:9.0.75]
	at org.apache.catalina.core.ApplicationFilterChain.internalDoFilter(ApplicationFilterChain.java:178) ~[tomcat-embed-core-9.0.75.jar:9.0.75]
	at org.apache.catalina.core.ApplicationFilterChain.doFilter(ApplicationFilterChain.java:153) ~[tomcat-embed-core-9.0.75.jar:9.0.75]
	at org.springframework.web.filter.RequestContextFilter.doFilterInternal(RequestContextFilter.java:100) ~[spring-web-5.3.27.jar:5.3.27]
	at org.springframework.web.filter.OncePerRequestFilter.doFilter(OncePerRequestFilter.java:117) ~[spring-web-5.3.27.jar:5.3.27]
	at org.apache.catalina.core.ApplicationFilterChain.internalDoFilter(ApplicationFilterChain.java:178) ~[tomcat-embed-core-9.0.75.jar:9.0.75]
	at org.apache.catalina.core.ApplicationFilterChain.doFilter(ApplicationFilterChain.java:153) ~[tomcat-embed-core-9.0.75.jar:9.0.75]
	at org.springframework.web.filter.FormContentFilter.doFilterInternal(FormContentFilter.java:93) ~[spring-web-5.3.27.jar:5.3.27]
	at org.springframework.web.filter.OncePerRequestFilter.doFilter(OncePerRequestFilter.java:117) ~[spring-web-5.3.27.jar:5.3.27]
	at org.apache.catalina.core.ApplicationFilterChain.internalDoFilter(ApplicationFilterChain.java:178) ~[tomcat-embed-core-9.0.75.jar:9.0.75]
	at org.apache.catalina.core.ApplicationFilterChain.doFilter(ApplicationFilterChain.java:153) ~[tomcat-embed-core-9.0.75.jar:9.0.75]
	at org.springframework.web.filter.CharacterEncodingFilter.doFilterInternal(CharacterEncodingFilter.java:201) ~[spring-web-5.3.27.jar:5.3.27]
	at org.springframework.web.filter.OncePerRequestFilter.doFilter(OncePerRequestFilter.java:117) ~[spring-web-5.3.27.jar:5.3.27]
	at org.apache.catalina.core.ApplicationFilterChain.internalDoFilter(ApplicationFilterChain.java:178) ~[tomcat-embed-core-9.0.75.jar:9.0.75]
	at org.apache.catalina.core.ApplicationFilterChain.doFilter(ApplicationFilterChain.java:153) ~[tomcat-embed-core-9.0.75.jar:9.0.75]
	at org.apache.catalina.core.StandardWrapperValve.invoke(StandardWrapperValve.java:167) ~[tomcat-embed-core-9.0.75.jar:9.0.75]
	at org.apache.catalina.core.StandardContextValve.invoke(StandardContextValve.java:90) ~[tomcat-embed-core-9.0.75.jar:9.0.75]
	at org.apache.catalina.authenticator.AuthenticatorBase.invoke(AuthenticatorBase.java:481) ~[tomcat-embed-core-9.0.75.jar:9.0.75]
	at org.apache.catalina.core.StandardHostValve.invoke(StandardHostValve.java:130) ~[tomcat-embed-core-9.0.75.jar:9.0.75]
	at org.apache.catalina.valves.ErrorReportValve.invoke(ErrorReportValve.java:93) ~[tomcat-embed-core-9.0.75.jar:9.0.75]
	at org.apache.catalina.core.StandardEngineValve.invoke(StandardEngineValve.java:74) ~[tomcat-embed-core-9.0.75.jar:9.0.75]
	at org.apache.catalina.connector.CoyoteAdapter.service(CoyoteAdapter.java:343) ~[tomcat-embed-core-9.0.75.jar:9.0.75]
	at org.apache.coyote.http11.Http11Processor.service(Http11Processor.java:390) ~[tomcat-embed-core-9.0.75.jar:9.0.75]
	at org.apache.coyote.AbstractProcessorLight.process(AbstractProcessorLight.java:63) ~[tomcat-embed-core-9.0.75.jar:9.0.75]
	at org.apache.coyote.AbstractProtocol$ConnectionHandler.process(AbstractProtocol.java:926) ~[tomcat-embed-core-9.0.75.jar:9.0.75]
	at org.apache.tomcat.util.net.NioEndpoint$SocketProcessor.doRun(NioEndpoint.java:1791) ~[tomcat-embed-core-9.0.75.jar:9.0.75]
	at org.apache.tomcat.util.net.SocketProcessorBase.run(SocketProcessorBase.java:52) ~[tomcat-embed-core-9.0.75.jar:9.0.75]
	at org.apache.tomcat.util.threads.ThreadPoolExecutor.runWorker(ThreadPoolExecutor.java:1191) ~[tomcat-embed-core-9.0.75.jar:9.0.75]
	at org.apache.tomcat.util.threads.ThreadPoolExecutor$Worker.run(ThreadPoolExecutor.java:659) ~[tomcat-embed-core-9.0.75.jar:9.0.75]
	at org.apache.tomcat.util.threads.TaskThread$WrappingRunnable.run(TaskThread.java:61) ~[tomcat-embed-core-9.0.75.jar:9.0.75]
	at java.base/java.lang.Thread.run(Thread.java:829) ~[na:na]

16:57:49:033 DEBUG 7108 --- [http-nio-8080-exec-2] com.hmall.mapper.CartMapper.selectList   : ==>  Preparing: SELECT id,user_id,item_id,num,name,spec,price,image,create_time,update_time FROM cart WHERE (user_id = ?)
16:57:49:034 DEBUG 7108 --- [http-nio-8080-exec-2] com.hmall.mapper.CartMapper.selectList   : ==> Parameters: 1(Long)
16:57:49:034 DEBUG 7108 --- [http-nio-8080-exec-2] com.hmall.mapper.CartMapper.selectList   : <==      Total: 0
16:57:50:083 DEBUG 7108 --- [http-nio-8080-exec-3] c.h.m.ItemMapper.selectPage_mpCount      : ==>  Preparing: SELECT COUNT(*) FROM item WHERE (status = ?)
16:57:50:084 DEBUG 7108 --- [http-nio-8080-exec-3] c.h.m.ItemMapper.selectPage_mpCount      : ==> Parameters: 1(Integer)
16:57:50:101 DEBUG 7108 --- [http-nio-8080-exec-3] c.h.m.ItemMapper.selectPage_mpCount      : <==      Total: 1
16:57:50:103 DEBUG 7108 --- [http-nio-8080-exec-3] com.hmall.mapper.ItemMapper.selectPage   : ==>  Preparing: SELECT id, name, price, stock, image, category, brand, spec, sold, comment_count, isAD, status, create_time, update_time, creater, updater FROM item WHERE (status = ?) ORDER BY update_time DESC LIMIT ?
16:57:50:103 DEBUG 7108 --- [http-nio-8080-exec-3] com.hmall.mapper.ItemMapper.selectPage   : ==> Parameters: 1(Integer), 20(Long)
16:57:50:107 DEBUG 7108 --- [http-nio-8080-exec-3] com.hmall.mapper.ItemMapper.selectPage   : <==      Total: 20
16:57:51:466 DEBUG 7108 --- [http-nio-8080-exec-5] com.hmall.mapper.CartMapper.selectCount  : ==>  Preparing: SELECT COUNT( * ) FROM cart WHERE (user_id = ? AND item_id = ?)
16:57:51:466 DEBUG 7108 --- [http-nio-8080-exec-5] com.hmall.mapper.CartMapper.selectCount  : ==> Parameters: 1(Long), 100002672272(Long)
16:57:51:467 DEBUG 7108 --- [http-nio-8080-exec-5] com.hmall.mapper.CartMapper.selectCount  : <==      Total: 1
16:57:51:468 DEBUG 7108 --- [http-nio-8080-exec-5] com.hmall.mapper.CartMapper.selectCount  : ==>  Preparing: SELECT COUNT( * ) FROM cart WHERE (user_id = ?)
16:57:51:468 DEBUG 7108 --- [http-nio-8080-exec-5] com.hmall.mapper.CartMapper.selectCount  : ==> Parameters: 1(Long)
16:57:51:469 DEBUG 7108 --- [http-nio-8080-exec-5] com.hmall.mapper.CartMapper.selectCount  : <==      Total: 1
16:57:51:470 DEBUG 7108 --- [http-nio-8080-exec-5] com.hmall.mapper.CartMapper.insert       : ==>  Preparing: INSERT INTO cart ( user_id, item_id, name, spec, price, image ) VALUES ( ?, ?, ?, ?, ?, ? )
16:57:51:470 DEBUG 7108 --- [http-nio-8080-exec-5] com.hmall.mapper.CartMapper.insert       : ==> Parameters: 1(Long), 100002672272(Long), 荣耀V20胡歌同款手机全网通 标配版 6GB+128GB 魅丽红 游戏手机 移动联通电信4G全面屏手机 双卡双待(String), {"颜色": "红色"}(String), 95000(Integer), https://m.360buyimg.com/mobilecms/s720x720_jfs/t1/8112/20/10485/366920/5c2336deEab272fe3/12b58de5020ca1a1.jpg!q70.jpg.webp(String)
16:57:51:472 DEBUG 7108 --- [http-nio-8080-exec-5] com.hmall.mapper.CartMapper.insert       : <==    Updates: 1
16:57:51:510 DEBUG 7108 --- [http-nio-8080-exec-4] com.hmall.mapper.CartMapper.selectList   : ==>  Preparing: SELECT id,user_id,item_id,num,name,spec,price,image,create_time,update_time FROM cart WHERE (user_id = ?)
16:57:51:510 DEBUG 7108 --- [http-nio-8080-exec-4] com.hmall.mapper.CartMapper.selectList   : ==> Parameters: 1(Long)
16:57:51:511 DEBUG 7108 --- [http-nio-8080-exec-4] com.hmall.mapper.CartMapper.selectList   : <==      Total: 1
16:57:51:513 DEBUG 7108 --- [http-nio-8080-exec-4] c.h.mapper.ItemMapper.selectBatchIds     : ==>  Preparing: SELECT id,name,price,stock,image,category,brand,spec,sold,comment_count,isAD,status,create_time,update_time,creater,updater FROM item WHERE id IN ( ? )
16:57:51:513 DEBUG 7108 --- [http-nio-8080-exec-4] c.h.mapper.ItemMapper.selectBatchIds     : ==> Parameters: 100002672272(Long)
16:57:51:514 DEBUG 7108 --- [http-nio-8080-exec-4] c.h.mapper.ItemMapper.selectBatchIds     : <==      Total: 1
16:57:53:212 DEBUG 7108 --- [http-nio-8080-exec-6] com.hmall.mapper.CartMapper.selectList   : ==>  Preparing: SELECT id,user_id,item_id,num,name,spec,price,image,create_time,update_time FROM cart WHERE (user_id = ?)
16:57:53:213 DEBUG 7108 --- [http-nio-8080-exec-6] com.hmall.mapper.CartMapper.selectList   : ==> Parameters: 1(Long)
16:57:53:214 DEBUG 7108 --- [http-nio-8080-exec-6] com.hmall.mapper.CartMapper.selectList   : <==      Total: 1
16:57:53:214 DEBUG 7108 --- [http-nio-8080-exec-6] c.h.mapper.ItemMapper.selectBatchIds     : ==>  Preparing: SELECT id,name,price,stock,image,category,brand,spec,sold,comment_count,isAD,status,create_time,update_time,creater,updater FROM item WHERE id IN ( ? )
16:57:53:215 DEBUG 7108 --- [http-nio-8080-exec-6] c.h.mapper.ItemMapper.selectBatchIds     : ==> Parameters: 100002672272(Long)
16:57:53:223 DEBUG 7108 --- [http-nio-8080-exec-6] c.h.mapper.ItemMapper.selectBatchIds     : <==      Total: 1
16:57:54:438 DEBUG 7108 --- [http-nio-8080-exec-8] com.hmall.mapper.CartMapper.selectList   : ==>  Preparing: SELECT id,user_id,item_id,num,name,spec,price,image,create_time,update_time FROM cart WHERE (user_id = ?)
16:57:54:438 DEBUG 7108 --- [http-nio-8080-exec-8] com.hmall.mapper.CartMapper.selectList   : ==> Parameters: 1(Long)
16:57:54:439 DEBUG 7108 --- [http-nio-8080-exec-8] com.hmall.mapper.CartMapper.selectList   : <==      Total: 1
16:57:54:440 DEBUG 7108 --- [http-nio-8080-exec-8] c.h.mapper.ItemMapper.selectBatchIds     : ==>  Preparing: SELECT id,name,price,stock,image,category,brand,spec,sold,comment_count,isAD,status,create_time,update_time,creater,updater FROM item WHERE id IN ( ? )
16:57:54:440 DEBUG 7108 --- [http-nio-8080-exec-8] c.h.mapper.ItemMapper.selectBatchIds     : ==> Parameters: 100002672272(Long)
16:57:54:441 DEBUG 7108 --- [http-nio-8080-exec-8] c.h.mapper.ItemMapper.selectBatchIds     : <==      Total: 1
16:57:55:491 DEBUG 7108 --- [http-nio-8080-exec-7] com.hmall.mapper.CartMapper.selectList   : ==>  Preparing: SELECT id,user_id,item_id,num,name,spec,price,image,create_time,update_time FROM cart WHERE (user_id = ?)
16:57:55:492 DEBUG 7108 --- [http-nio-8080-exec-7] com.hmall.mapper.CartMapper.selectList   : ==> Parameters: 1(Long)
16:57:55:493 DEBUG 7108 --- [http-nio-8080-exec-7] com.hmall.mapper.CartMapper.selectList   : <==      Total: 1
16:57:55:493 DEBUG 7108 --- [http-nio-8080-exec-7] c.h.mapper.ItemMapper.selectBatchIds     : ==>  Preparing: SELECT id,name,price,stock,image,category,brand,spec,sold,comment_count,isAD,status,create_time,update_time,creater,updater FROM item WHERE id IN ( ? )
16:57:55:494 DEBUG 7108 --- [http-nio-8080-exec-7] c.h.mapper.ItemMapper.selectBatchIds     : ==> Parameters: 100002672272(Long)
16:57:55:495 DEBUG 7108 --- [http-nio-8080-exec-7] c.h.mapper.ItemMapper.selectBatchIds     : <==      Total: 1
16:57:59:453 DEBUG 7108 --- [http-nio-8080-exec-9] com.hmall.mapper.CartMapper.deleteById   : ==>  Preparing: DELETE FROM cart WHERE id=?
16:57:59:453 DEBUG 7108 --- [http-nio-8080-exec-9] com.hmall.mapper.CartMapper.deleteById   : ==> Parameters: 10(Long)
16:57:59:455 DEBUG 7108 --- [http-nio-8080-exec-9] com.hmall.mapper.CartMapper.deleteById   : <==    Updates: 1
16:57:59:461 DEBUG 7108 --- [http-nio-8080-exec-10] com.hmall.mapper.CartMapper.selectList   : ==>  Preparing: SELECT id,user_id,item_id,num,name,spec,price,image,create_time,update_time FROM cart WHERE (user_id = ?)
16:57:59:461 DEBUG 7108 --- [http-nio-8080-exec-10] com.hmall.mapper.CartMapper.selectList   : ==> Parameters: 1(Long)
16:57:59:462 DEBUG 7108 --- [http-nio-8080-exec-10] com.hmall.mapper.CartMapper.selectList   : <==      Total: 0
16:58:00:440 DEBUG 7108 --- [http-nio-8080-exec-1] c.h.m.ItemMapper.selectPage_mpCount      : ==>  Preparing: SELECT COUNT(*) FROM item WHERE (status = ?)
16:58:00:440 DEBUG 7108 --- [http-nio-8080-exec-1] c.h.m.ItemMapper.selectPage_mpCount      : ==> Parameters: 1(Integer)
16:58:00:460 DEBUG 7108 --- [http-nio-8080-exec-1] c.h.m.ItemMapper.selectPage_mpCount      : <==      Total: 1
16:58:00:461 DEBUG 7108 --- [http-nio-8080-exec-1] com.hmall.mapper.ItemMapper.selectPage   : ==>  Preparing: SELECT id, name, price, stock, image, category, brand, spec, sold, comment_count, isAD, status, create_time, update_time, creater, updater FROM item WHERE (status = ?) ORDER BY update_time DESC LIMIT ?
16:58:00:462 DEBUG 7108 --- [http-nio-8080-exec-1] com.hmall.mapper.ItemMapper.selectPage   : ==> Parameters: 1(Integer), 20(Long)
16:58:00:465 DEBUG 7108 --- [http-nio-8080-exec-1] com.hmall.mapper.ItemMapper.selectPage   : <==      Total: 20
16:58:02:752 DEBUG 7108 --- [http-nio-8080-exec-2] com.hmall.mapper.CartMapper.selectCount  : ==>  Preparing: SELECT COUNT( * ) FROM cart WHERE (user_id = ? AND item_id = ?)
16:58:02:753 DEBUG 7108 --- [http-nio-8080-exec-2] com.hmall.mapper.CartMapper.selectCount  : ==> Parameters: 1(Long), 100002672280(Long)
16:58:02:754 DEBUG 7108 --- [http-nio-8080-exec-2] com.hmall.mapper.CartMapper.selectCount  : <==      Total: 1
16:58:02:755 DEBUG 7108 --- [http-nio-8080-exec-2] com.hmall.mapper.CartMapper.selectCount  : ==>  Preparing: SELECT COUNT( * ) FROM cart WHERE (user_id = ?)
16:58:02:756 DEBUG 7108 --- [http-nio-8080-exec-2] com.hmall.mapper.CartMapper.selectCount  : ==> Parameters: 1(Long)
16:58:02:756 DEBUG 7108 --- [http-nio-8080-exec-2] com.hmall.mapper.CartMapper.selectCount  : <==      Total: 1
16:58:02:757 DEBUG 7108 --- [http-nio-8080-exec-2] com.hmall.mapper.CartMapper.insert       : ==>  Preparing: INSERT INTO cart ( user_id, item_id, name, spec, price, image ) VALUES ( ?, ?, ?, ?, ?, ? )
16:58:02:757 DEBUG 7108 --- [http-nio-8080-exec-2] com.hmall.mapper.CartMapper.insert       : ==> Parameters: 1(Long), 100002672280(Long), 三星 Galaxy Note9（SM-N9600）【预售优惠400】8GB+512GB 寒霜蓝 移动联通电信4G游戏手机 双卡双待(String), {"颜色": "青色", "版本": "40GB+512GB"}(String), 94800(Integer), https://m.360buyimg.com/mobilecms/s720x720_jfs/t27082/302/324013085/140782/145fdd/5b8e3b98N4c3dcd05.jpg!q70.jpg.webp(String)
16:58:02:759 DEBUG 7108 --- [http-nio-8080-exec-2] com.hmall.mapper.CartMapper.insert       : <==    Updates: 1
16:58:02:796 DEBUG 7108 --- [http-nio-8080-exec-3] com.hmall.mapper.CartMapper.selectList   : ==>  Preparing: SELECT id,user_id,item_id,num,name,spec,price,image,create_time,update_time FROM cart WHERE (user_id = ?)
16:58:02:796 DEBUG 7108 --- [http-nio-8080-exec-3] com.hmall.mapper.CartMapper.selectList   : ==> Parameters: 1(Long)
16:58:02:798 DEBUG 7108 --- [http-nio-8080-exec-3] com.hmall.mapper.CartMapper.selectList   : <==      Total: 1
16:58:02:799 DEBUG 7108 --- [http-nio-8080-exec-3] c.h.mapper.ItemMapper.selectBatchIds     : ==>  Preparing: SELECT id,name,price,stock,image,category,brand,spec,sold,comment_count,isAD,status,create_time,update_time,creater,updater FROM item WHERE id IN ( ? )
16:58:02:799 DEBUG 7108 --- [http-nio-8080-exec-3] c.h.mapper.ItemMapper.selectBatchIds     : ==> Parameters: 100002672280(Long)
16:58:02:800 DEBUG 7108 --- [http-nio-8080-exec-3] c.h.mapper.ItemMapper.selectBatchIds     : <==      Total: 1
16:58:05:639 DEBUG 7108 --- [http-nio-8080-exec-5] com.hmall.mapper.CartMapper.selectList   : ==>  Preparing: SELECT id,user_id,item_id,num,name,spec,price,image,create_time,update_time FROM cart WHERE (user_id = ?)
16:58:05:640 DEBUG 7108 --- [http-nio-8080-exec-5] com.hmall.mapper.CartMapper.selectList   : ==> Parameters: 1(Long)
16:58:05:641 DEBUG 7108 --- [http-nio-8080-exec-5] com.hmall.mapper.CartMapper.selectList   : <==      Total: 1
16:58:05:642 DEBUG 7108 --- [http-nio-8080-exec-5] c.h.mapper.ItemMapper.selectBatchIds     : ==>  Preparing: SELECT id,name,price,stock,image,category,brand,spec,sold,comment_count,isAD,status,create_time,update_time,creater,updater FROM item WHERE id IN ( ? )
16:58:05:642 DEBUG 7108 --- [http-nio-8080-exec-5] c.h.mapper.ItemMapper.selectBatchIds     : ==> Parameters: 100002672280(Long)
16:58:05:643 DEBUG 7108 --- [http-nio-8080-exec-5] c.h.mapper.ItemMapper.selectBatchIds     : <==      Total: 1
17:09:51:470  INFO 7108 --- [SpringApplicationShutdownHook] com.zaxxer.hikari.HikariDataSource       : HikariPool-1 - Shutdown initiated...
17:09:51:479  INFO 7108 --- [SpringApplicationShutdownHook] com.zaxxer.hikari.HikariDataSource       : HikariPool-1 - Shutdown completed.
