17:54:04:004  INFO 14668 --- [main] com.hmall.cart.CartApplication           : Starting CartApplication using Java 11.0.25 on PeiDi with PID 14668 (C:\Users\18082\Desktop\java学习\SpringCloud微服务—资料\day03-微服务01\资料\hmall\item-service\target\classes started by 18082 in C:\Users\18082\Desktop\java学习\SpringCloud微服务—资料\day03-微服务01\资料\hmall)
17:54:04:006 DEBUG 14668 --- [main] com.hmall.cart.CartApplication           : Running with Spring Boot v2.7.12, Spring v5.3.27
17:54:04:007  INFO 14668 --- [main] com.hmall.cart.CartApplication           : The following 1 profile is active: "local"
17:54:04:820  INFO 14668 --- [main] o.s.b.w.embedded.tomcat.TomcatWebServer  : Tomcat initialized with port(s): 8082 (http)
17:54:04:827  INFO 14668 --- [main] o.a.catalina.core.AprLifecycleListener   : An older version [1.2.16] of the Apache Tomcat Native library is installed, while Tomcat recommends a minimum version of [1.2.30]
17:54:04:828  INFO 14668 --- [main] o.a.catalina.core.AprLifecycleListener   : Loaded Apache Tomcat Native library [1.2.16] using APR version [1.6.3].
17:54:04:828  INFO 14668 --- [main] o.a.catalina.core.AprLifecycleListener   : APR capabilities: IPv6 [true], sendfile [true], accept filters [false], random [true], UDS [false].
17:54:04:828  INFO 14668 --- [main] o.a.catalina.core.AprLifecycleListener   : APR/OpenSSL configuration: useAprConnector [false], useOpenSSL [true]
17:54:05:859  INFO 14668 --- [main] o.a.catalina.core.AprLifecycleListener   : OpenSSL successfully initialized [OpenSSL 1.0.2m  2 Nov 2017]
17:54:05:865  INFO 14668 --- [main] o.apache.catalina.core.StandardService   : Starting service [Tomcat]
17:54:05:865  INFO 14668 --- [main] org.apache.catalina.core.StandardEngine  : Starting Servlet engine: [Apache Tomcat/9.0.75]
17:54:05:940  INFO 14668 --- [main] o.a.c.c.C.[Tomcat].[localhost].[/]       : Initializing Spring embedded WebApplicationContext
17:54:05:941  INFO 14668 --- [main] w.s.c.ServletWebServerApplicationContext : Root WebApplicationContext: initialization completed in 1903 ms
17:54:06:800  INFO 14668 --- [main] pertySourcedRequestMappingHandlerMapping : Mapped URL path [/v2/api-docs] onto method [springfox.documentation.swagger2.web.Swagger2ControllerWebMvc#getDocumentation(String, HttpServletRequest)]
17:54:06:867  INFO 14668 --- [main] o.s.b.w.embedded.tomcat.TomcatWebServer  : Tomcat started on port(s): 8082 (http) with context path ''
17:54:06:867  INFO 14668 --- [main] d.s.w.p.DocumentationPluginsBootstrapper : Documentation plugins bootstrapped
17:54:06:869  INFO 14668 --- [main] d.s.w.p.DocumentationPluginsBootstrapper : Found 1 custom documentation plugin(s)
17:54:06:888  INFO 14668 --- [main] s.d.s.w.s.ApiListingReferenceScanner     : Scanning for api listing references
17:54:06:969  INFO 14668 --- [main] com.hmall.cart.CartApplication           : Started CartApplication in 3.301 seconds (JVM running for 3.958)
17:54:11:335  INFO 14668 --- [http-nio-8082-exec-1] o.a.c.c.C.[Tomcat].[localhost].[/]       : Initializing Spring DispatcherServlet 'dispatcherServlet'
17:54:11:335  INFO 14668 --- [http-nio-8082-exec-1] o.s.web.servlet.DispatcherServlet        : Initializing Servlet 'dispatcherServlet'
17:54:11:336  INFO 14668 --- [http-nio-8082-exec-1] o.s.web.servlet.DispatcherServlet        : Completed initialization in 1 ms
17:54:21:778  INFO 14668 --- [http-nio-8082-exec-2] com.zaxxer.hikari.HikariDataSource       : HikariPool-1 - Starting...
17:54:21:977  INFO 14668 --- [http-nio-8082-exec-2] com.zaxxer.hikari.HikariDataSource       : HikariPool-1 - Start completed.
17:54:21:982 DEBUG 14668 --- [http-nio-8082-exec-2] c.h.cart.mapper.CartMapper.selectList    : ==>  Preparing: SELECT id,user_id,item_id,num,name,spec,price,image,create_time,update_time FROM cart WHERE (user_id = ?)
17:54:21:998 DEBUG 14668 --- [http-nio-8082-exec-2] c.h.cart.mapper.CartMapper.selectList    : ==> Parameters: 1(Long)
17:54:22:015 DEBUG 14668 --- [http-nio-8082-exec-2] c.h.cart.mapper.CartMapper.selectList    : <==      Total: 1
