19:42:14:309  INFO 8536 --- [main] com.hmall.item.ItemApplication           : Starting ItemApplication using Java 11.0.25 on PeiDi with PID 8536 (C:\Users\18082\Desktop\java学习\SpringCloud微服务—资料\day03-微服务01\资料\hmall\item-service\target\classes started by 18082 in C:\Users\18082\Desktop\java学习\SpringCloud微服务—资料\day03-微服务01\资料\hmall)
19:42:14:310 DEBUG 8536 --- [main] com.hmall.item.ItemApplication           : Running with Spring Boot v2.7.12, Spring v5.3.27
19:42:14:311  INFO 8536 --- [main] com.hmall.item.ItemApplication           : The following 1 profile is active: "dev"
19:42:14:950  INFO 8536 --- [main] .s.d.r.c.RepositoryConfigurationDelegate : Multiple Spring Data modules found, entering strict repository configuration mode
19:42:14:957  INFO 8536 --- [main] .s.d.r.c.RepositoryConfigurationDelegate : Bootstrapping Spring Data Redis repositories in DEFAULT mode.
19:42:14:976  INFO 8536 --- [main] .s.d.r.c.RepositoryConfigurationDelegate : Finished Spring Data repository scanning in 7 ms. Found 0 Redis repository interfaces.
19:42:15:345  INFO 8536 --- [main] o.s.b.w.embedded.tomcat.TomcatWebServer  : Tomcat initialized with port(s): 8081 (http)
19:42:15:346  INFO 8536 --- [main] o.a.catalina.core.AprLifecycleListener   : An older version [1.2.16] of the Apache Tomcat Native library is installed, while Tomcat recommends a minimum version of [1.2.30]
19:42:15:346  INFO 8536 --- [main] o.a.catalina.core.AprLifecycleListener   : Loaded Apache Tomcat Native library [1.2.16] using APR version [1.6.3].
19:42:15:346  INFO 8536 --- [main] o.a.catalina.core.AprLifecycleListener   : APR capabilities: IPv6 [true], sendfile [true], accept filters [false], random [true], UDS [false].
19:42:15:346  INFO 8536 --- [main] o.a.catalina.core.AprLifecycleListener   : APR/OpenSSL configuration: useAprConnector [false], useOpenSSL [true]
19:42:16:398  INFO 8536 --- [main] o.a.catalina.core.AprLifecycleListener   : OpenSSL successfully initialized [OpenSSL 1.0.2m  2 Nov 2017]
19:42:16:406  INFO 8536 --- [main] o.apache.catalina.core.StandardService   : Starting service [Tomcat]
19:42:16:406  INFO 8536 --- [main] org.apache.catalina.core.StandardEngine  : Starting Servlet engine: [Apache Tomcat/9.0.75]
19:42:16:488  INFO 8536 --- [main] o.a.c.c.C.[Tomcat].[localhost].[/]       : Initializing Spring embedded WebApplicationContext
19:42:16:488  INFO 8536 --- [main] w.s.c.ServletWebServerApplicationContext : Root WebApplicationContext: initialization completed in 2143 ms
19:42:17:613  INFO 8536 --- [main] pertySourcedRequestMappingHandlerMapping : Mapped URL path [/v2/api-docs] onto method [springfox.documentation.swagger2.web.Swagger2ControllerWebMvc#getDocumentation(String, HttpServletRequest)]
19:42:17:868  INFO 8536 --- [main] o.s.b.w.embedded.tomcat.TomcatWebServer  : Tomcat started on port(s): 8081 (http) with context path ''
19:42:17:869  INFO 8536 --- [main] d.s.w.p.DocumentationPluginsBootstrapper : Documentation plugins bootstrapped
19:42:17:870  INFO 8536 --- [main] d.s.w.p.DocumentationPluginsBootstrapper : Found 1 custom documentation plugin(s)
19:42:17:890  INFO 8536 --- [main] s.d.s.w.s.ApiListingReferenceScanner     : Scanning for api listing references
19:42:18:000  INFO 8536 --- [main] com.hmall.item.ItemApplication           : Started ItemApplication in 4.035 seconds (JVM running for 4.765)
19:42:51:963  INFO 26860 --- [main] com.hmall.item.ItemApplication           : Starting ItemApplication using Java 11.0.25 on PeiDi with PID 26860 (C:\Users\18082\Desktop\java学习\SpringCloud微服务—资料\day03-微服务01\资料\hmall\item-service\target\classes started by 18082 in C:\Users\18082\Desktop\java学习\SpringCloud微服务—资料\day03-微服务01\资料\hmall)
19:42:51:965 DEBUG 26860 --- [main] com.hmall.item.ItemApplication           : Running with Spring Boot v2.7.12, Spring v5.3.27
19:42:51:966  INFO 26860 --- [main] com.hmall.item.ItemApplication           : The following 1 profile is active: "dev"
19:42:52:564  INFO 26860 --- [main] .s.d.r.c.RepositoryConfigurationDelegate : Multiple Spring Data modules found, entering strict repository configuration mode
19:42:52:566  INFO 26860 --- [main] .s.d.r.c.RepositoryConfigurationDelegate : Bootstrapping Spring Data Redis repositories in DEFAULT mode.
19:42:52:584  INFO 26860 --- [main] .s.d.r.c.RepositoryConfigurationDelegate : Finished Spring Data repository scanning in 7 ms. Found 0 Redis repository interfaces.
19:42:52:947  INFO 26860 --- [main] o.s.b.w.embedded.tomcat.TomcatWebServer  : Tomcat initialized with port(s): 8081 (http)
19:42:52:948  INFO 26860 --- [main] o.a.catalina.core.AprLifecycleListener   : An older version [1.2.16] of the Apache Tomcat Native library is installed, while Tomcat recommends a minimum version of [1.2.30]
19:42:52:948  INFO 26860 --- [main] o.a.catalina.core.AprLifecycleListener   : Loaded Apache Tomcat Native library [1.2.16] using APR version [1.6.3].
19:42:52:948  INFO 26860 --- [main] o.a.catalina.core.AprLifecycleListener   : APR capabilities: IPv6 [true], sendfile [true], accept filters [false], random [true], UDS [false].
19:42:52:948  INFO 26860 --- [main] o.a.catalina.core.AprLifecycleListener   : APR/OpenSSL configuration: useAprConnector [false], useOpenSSL [true]
19:42:53:996  INFO 26860 --- [main] o.a.catalina.core.AprLifecycleListener   : OpenSSL successfully initialized [OpenSSL 1.0.2m  2 Nov 2017]
19:42:54:003  INFO 26860 --- [main] o.apache.catalina.core.StandardService   : Starting service [Tomcat]
19:42:54:003  INFO 26860 --- [main] org.apache.catalina.core.StandardEngine  : Starting Servlet engine: [Apache Tomcat/9.0.75]
19:42:54:086  INFO 26860 --- [main] o.a.c.c.C.[Tomcat].[localhost].[/]       : Initializing Spring embedded WebApplicationContext
19:42:54:087  INFO 26860 --- [main] w.s.c.ServletWebServerApplicationContext : Root WebApplicationContext: initialization completed in 2088 ms
19:42:55:236  INFO 26860 --- [main] pertySourcedRequestMappingHandlerMapping : Mapped URL path [/v2/api-docs] onto method [springfox.documentation.swagger2.web.Swagger2ControllerWebMvc#getDocumentation(String, HttpServletRequest)]
19:42:55:504  INFO 26860 --- [main] o.s.b.w.embedded.tomcat.TomcatWebServer  : Tomcat started on port(s): 8081 (http) with context path ''
19:42:55:505  INFO 26860 --- [main] d.s.w.p.DocumentationPluginsBootstrapper : Documentation plugins bootstrapped
19:42:55:507  INFO 26860 --- [main] d.s.w.p.DocumentationPluginsBootstrapper : Found 1 custom documentation plugin(s)
19:42:55:529  INFO 26860 --- [main] s.d.s.w.s.ApiListingReferenceScanner     : Scanning for api listing references
19:42:55:634  INFO 26860 --- [main] com.hmall.item.ItemApplication           : Started ItemApplication in 4.025 seconds (JVM running for 4.706)
19:54:27:553  INFO 1884 --- [main] com.hmall.item.ItemApplication           : Starting ItemApplication using Java 11.0.25 on PeiDi with PID 1884 (C:\Users\18082\Desktop\java学习\SpringCloud微服务—资料\day03-微服务01\资料\hmall\item-service\target\classes started by 18082 in C:\Users\18082\Desktop\java学习\SpringCloud微服务—资料\day03-微服务01\资料\hmall)
19:54:27:554 DEBUG 1884 --- [main] com.hmall.item.ItemApplication           : Running with Spring Boot v2.7.12, Spring v5.3.27
19:54:27:555  INFO 1884 --- [main] com.hmall.item.ItemApplication           : The following 1 profile is active: "dev"
19:54:28:422  INFO 1884 --- [main] o.s.b.w.embedded.tomcat.TomcatWebServer  : Tomcat initialized with port(s): 8081 (http)
19:54:28:423  INFO 1884 --- [main] o.a.catalina.core.AprLifecycleListener   : An older version [1.2.16] of the Apache Tomcat Native library is installed, while Tomcat recommends a minimum version of [1.2.30]
19:54:28:423  INFO 1884 --- [main] o.a.catalina.core.AprLifecycleListener   : Loaded Apache Tomcat Native library [1.2.16] using APR version [1.6.3].
19:54:28:424  INFO 1884 --- [main] o.a.catalina.core.AprLifecycleListener   : APR capabilities: IPv6 [true], sendfile [true], accept filters [false], random [true], UDS [false].
19:54:28:424  INFO 1884 --- [main] o.a.catalina.core.AprLifecycleListener   : APR/OpenSSL configuration: useAprConnector [false], useOpenSSL [true]
19:54:29:470  INFO 1884 --- [main] o.a.catalina.core.AprLifecycleListener   : OpenSSL successfully initialized [OpenSSL 1.0.2m  2 Nov 2017]
19:54:29:476  INFO 1884 --- [main] o.apache.catalina.core.StandardService   : Starting service [Tomcat]
19:54:29:476  INFO 1884 --- [main] org.apache.catalina.core.StandardEngine  : Starting Servlet engine: [Apache Tomcat/9.0.75]
19:54:29:551  INFO 1884 --- [main] o.a.c.c.C.[Tomcat].[localhost].[/]       : Initializing Spring embedded WebApplicationContext
19:54:29:551  INFO 1884 --- [main] w.s.c.ServletWebServerApplicationContext : Root WebApplicationContext: initialization completed in 1962 ms
19:54:30:421  INFO 1884 --- [main] pertySourcedRequestMappingHandlerMapping : Mapped URL path [/v2/api-docs] onto method [springfox.documentation.swagger2.web.Swagger2ControllerWebMvc#getDocumentation(String, HttpServletRequest)]
19:54:30:483  INFO 1884 --- [main] o.s.b.w.embedded.tomcat.TomcatWebServer  : Tomcat started on port(s): 8081 (http) with context path ''
19:54:30:484  INFO 1884 --- [main] d.s.w.p.DocumentationPluginsBootstrapper : Documentation plugins bootstrapped
19:54:30:486  INFO 1884 --- [main] d.s.w.p.DocumentationPluginsBootstrapper : Found 1 custom documentation plugin(s)
19:54:30:505  INFO 1884 --- [main] s.d.s.w.s.ApiListingReferenceScanner     : Scanning for api listing references
19:54:30:606  INFO 1884 --- [main] com.hmall.item.ItemApplication           : Started ItemApplication in 3.377 seconds (JVM running for 4.022)
20:00:51:989  INFO 1884 --- [http-nio-8081-exec-1] o.a.c.c.C.[Tomcat].[localhost].[/]       : Initializing Spring DispatcherServlet 'dispatcherServlet'
20:00:51:989  INFO 1884 --- [http-nio-8081-exec-1] o.s.web.servlet.DispatcherServlet        : Initializing Servlet 'dispatcherServlet'
20:00:51:990  INFO 1884 --- [http-nio-8081-exec-1] o.s.web.servlet.DispatcherServlet        : Completed initialization in 1 ms
20:01:46:861  INFO 1884 --- [http-nio-8081-exec-4] com.zaxxer.hikari.HikariDataSource       : HikariPool-1 - Starting...
20:01:59:188 ERROR 1884 --- [http-nio-8081-exec-4] com.zaxxer.hikari.pool.HikariPool        : HikariPool-1 - Exception during pool initialization.

java.sql.SQLNonTransientConnectionException: Could not create connection to database server. Attempted reconnect 3 times. Giving up.
	at com.mysql.cj.jdbc.exceptions.SQLError.createSQLException(SQLError.java:110) ~[mysql-connector-java-8.0.23.jar:8.0.23]
	at com.mysql.cj.jdbc.exceptions.SQLError.createSQLException(SQLError.java:97) ~[mysql-connector-java-8.0.23.jar:8.0.23]
	at com.mysql.cj.jdbc.exceptions.SQLError.createSQLException(SQLError.java:89) ~[mysql-connector-java-8.0.23.jar:8.0.23]
	at com.mysql.cj.jdbc.exceptions.SQLError.createSQLException(SQLError.java:63) ~[mysql-connector-java-8.0.23.jar:8.0.23]
	at com.mysql.cj.jdbc.exceptions.SQLError.createSQLException(SQLError.java:73) ~[mysql-connector-java-8.0.23.jar:8.0.23]
	at com.mysql.cj.jdbc.ConnectionImpl.connectWithRetries(ConnectionImpl.java:903) ~[mysql-connector-java-8.0.23.jar:8.0.23]
	at com.mysql.cj.jdbc.ConnectionImpl.createNewIO(ConnectionImpl.java:828) ~[mysql-connector-java-8.0.23.jar:8.0.23]
	at com.mysql.cj.jdbc.ConnectionImpl.<init>(ConnectionImpl.java:453) ~[mysql-connector-java-8.0.23.jar:8.0.23]
	at com.mysql.cj.jdbc.ConnectionImpl.getInstance(ConnectionImpl.java:246) ~[mysql-connector-java-8.0.23.jar:8.0.23]
	at com.mysql.cj.jdbc.NonRegisteringDriver.connect(NonRegisteringDriver.java:198) ~[mysql-connector-java-8.0.23.jar:8.0.23]
	at com.zaxxer.hikari.util.DriverDataSource.getConnection(DriverDataSource.java:138) ~[HikariCP-4.0.3.jar:na]
	at com.zaxxer.hikari.pool.PoolBase.newConnection(PoolBase.java:364) ~[HikariCP-4.0.3.jar:na]
	at com.zaxxer.hikari.pool.PoolBase.newPoolEntry(PoolBase.java:206) ~[HikariCP-4.0.3.jar:na]
	at com.zaxxer.hikari.pool.HikariPool.createPoolEntry(HikariPool.java:476) ~[HikariCP-4.0.3.jar:na]
	at com.zaxxer.hikari.pool.HikariPool.checkFailFast(HikariPool.java:561) ~[HikariCP-4.0.3.jar:na]
	at com.zaxxer.hikari.pool.HikariPool.<init>(HikariPool.java:115) ~[HikariCP-4.0.3.jar:na]
	at com.zaxxer.hikari.HikariDataSource.getConnection(HikariDataSource.java:112) ~[HikariCP-4.0.3.jar:na]
	at org.springframework.jdbc.datasource.DataSourceUtils.fetchConnection(DataSourceUtils.java:159) ~[spring-jdbc-5.3.27.jar:5.3.27]
	at org.springframework.jdbc.datasource.DataSourceUtils.doGetConnection(DataSourceUtils.java:117) ~[spring-jdbc-5.3.27.jar:5.3.27]
	at org.springframework.jdbc.datasource.DataSourceUtils.getConnection(DataSourceUtils.java:80) ~[spring-jdbc-5.3.27.jar:5.3.27]
	at org.mybatis.spring.transaction.SpringManagedTransaction.openConnection(SpringManagedTransaction.java:80) ~[mybatis-spring-2.0.6.jar:2.0.6]
	at org.mybatis.spring.transaction.SpringManagedTransaction.getConnection(SpringManagedTransaction.java:67) ~[mybatis-spring-2.0.6.jar:2.0.6]
	at org.apache.ibatis.executor.BaseExecutor.getConnection(BaseExecutor.java:337) ~[mybatis-3.5.7.jar:3.5.7]
	at org.apache.ibatis.executor.SimpleExecutor.prepareStatement(SimpleExecutor.java:86) ~[mybatis-3.5.7.jar:3.5.7]
	at org.apache.ibatis.executor.SimpleExecutor.doQuery(SimpleExecutor.java:62) ~[mybatis-3.5.7.jar:3.5.7]
	at org.apache.ibatis.executor.BaseExecutor.queryFromDatabase(BaseExecutor.java:325) ~[mybatis-3.5.7.jar:3.5.7]
	at org.apache.ibatis.executor.BaseExecutor.query(BaseExecutor.java:156) ~[mybatis-3.5.7.jar:3.5.7]
	at org.apache.ibatis.executor.CachingExecutor.query(CachingExecutor.java:109) ~[mybatis-3.5.7.jar:3.5.7]
	at com.baomidou.mybatisplus.extension.plugins.MybatisPlusInterceptor.intercept(MybatisPlusInterceptor.java:81) ~[mybatis-plus-extension-3.4.3.jar:3.4.3]
	at org.apache.ibatis.plugin.Plugin.invoke(Plugin.java:62) ~[mybatis-3.5.7.jar:3.5.7]
	at com.sun.proxy.$Proxy124.query(Unknown Source) ~[na:na]
	at org.apache.ibatis.session.defaults.DefaultSqlSession.selectList(DefaultSqlSession.java:151) ~[mybatis-3.5.7.jar:3.5.7]
	at org.apache.ibatis.session.defaults.DefaultSqlSession.selectList(DefaultSqlSession.java:145) ~[mybatis-3.5.7.jar:3.5.7]
	at org.apache.ibatis.session.defaults.DefaultSqlSession.selectList(DefaultSqlSession.java:140) ~[mybatis-3.5.7.jar:3.5.7]
	at java.base/jdk.internal.reflect.NativeMethodAccessorImpl.invoke0(Native Method) ~[na:na]
	at java.base/jdk.internal.reflect.NativeMethodAccessorImpl.invoke(NativeMethodAccessorImpl.java:62) ~[na:na]
	at java.base/jdk.internal.reflect.DelegatingMethodAccessorImpl.invoke(DelegatingMethodAccessorImpl.java:43) ~[na:na]
	at java.base/java.lang.reflect.Method.invoke(Method.java:566) ~[na:na]
	at org.mybatis.spring.SqlSessionTemplate$SqlSessionInterceptor.invoke(SqlSessionTemplate.java:427) ~[mybatis-spring-2.0.6.jar:2.0.6]
	at com.sun.proxy.$Proxy82.selectList(Unknown Source) ~[na:na]
	at org.mybatis.spring.SqlSessionTemplate.selectList(SqlSessionTemplate.java:224) ~[mybatis-spring-2.0.6.jar:2.0.6]
	at com.baomidou.mybatisplus.core.override.MybatisMapperMethod.executeForMany(MybatisMapperMethod.java:166) ~[mybatis-plus-core-3.4.3.jar:3.4.3]
	at com.baomidou.mybatisplus.core.override.MybatisMapperMethod.execute(MybatisMapperMethod.java:77) ~[mybatis-plus-core-3.4.3.jar:3.4.3]
	at com.baomidou.mybatisplus.core.override.MybatisMapperProxy$PlainMethodInvoker.invoke(MybatisMapperProxy.java:148) ~[mybatis-plus-core-3.4.3.jar:3.4.3]
	at com.baomidou.mybatisplus.core.override.MybatisMapperProxy.invoke(MybatisMapperProxy.java:89) ~[mybatis-plus-core-3.4.3.jar:3.4.3]
	at com.sun.proxy.$Proxy87.selectBatchIds(Unknown Source) ~[na:na]
	at com.baomidou.mybatisplus.extension.service.IService.listByIds(IService.java:210) ~[mybatis-plus-extension-3.4.3.jar:3.4.3]
	at com.hmall.item.service.impl.ItemServiceImpl.queryItemByIds(ItemServiceImpl.java:43) ~[classes/:na]
	at com.hmall.item.service.impl.ItemServiceImpl$$FastClassBySpringCGLIB$$fe4365a9.invoke(<generated>) ~[classes/:na]
	at org.springframework.cglib.proxy.MethodProxy.invoke(MethodProxy.java:218) ~[spring-core-5.3.27.jar:5.3.27]
	at org.springframework.aop.framework.CglibAopProxy.invokeMethod(CglibAopProxy.java:386) ~[spring-aop-5.3.27.jar:5.3.27]
	at org.springframework.aop.framework.CglibAopProxy.access$000(CglibAopProxy.java:85) ~[spring-aop-5.3.27.jar:5.3.27]
	at org.springframework.aop.framework.CglibAopProxy$DynamicAdvisedInterceptor.intercept(CglibAopProxy.java:704) ~[spring-aop-5.3.27.jar:5.3.27]
	at com.hmall.item.service.impl.ItemServiceImpl$$EnhancerBySpringCGLIB$$6a22dd98.queryItemByIds(<generated>) ~[classes/:na]
	at com.hmall.item.controller.ItemController.queryItemByIds(ItemController.java:39) ~[classes/:na]
	at java.base/jdk.internal.reflect.NativeMethodAccessorImpl.invoke0(Native Method) ~[na:na]
	at java.base/jdk.internal.reflect.NativeMethodAccessorImpl.invoke(NativeMethodAccessorImpl.java:62) ~[na:na]
	at java.base/jdk.internal.reflect.DelegatingMethodAccessorImpl.invoke(DelegatingMethodAccessorImpl.java:43) ~[na:na]
	at java.base/java.lang.reflect.Method.invoke(Method.java:566) ~[na:na]
	at org.springframework.web.method.support.InvocableHandlerMethod.doInvoke(InvocableHandlerMethod.java:205) ~[spring-web-5.3.27.jar:5.3.27]
	at org.springframework.web.method.support.InvocableHandlerMethod.invokeForRequest(InvocableHandlerMethod.java:150) ~[spring-web-5.3.27.jar:5.3.27]
	at org.springframework.web.servlet.mvc.method.annotation.ServletInvocableHandlerMethod.invokeAndHandle(ServletInvocableHandlerMethod.java:117) ~[spring-webmvc-5.3.27.jar:5.3.27]
	at org.springframework.web.servlet.mvc.method.annotation.RequestMappingHandlerAdapter.invokeHandlerMethod(RequestMappingHandlerAdapter.java:895) ~[spring-webmvc-5.3.27.jar:5.3.27]
	at org.springframework.web.servlet.mvc.method.annotation.RequestMappingHandlerAdapter.handleInternal(RequestMappingHandlerAdapter.java:808) ~[spring-webmvc-5.3.27.jar:5.3.27]
	at org.springframework.web.servlet.mvc.method.AbstractHandlerMethodAdapter.handle(AbstractHandlerMethodAdapter.java:87) ~[spring-webmvc-5.3.27.jar:5.3.27]
	at org.springframework.web.servlet.DispatcherServlet.doDispatch(DispatcherServlet.java:1072) ~[spring-webmvc-5.3.27.jar:5.3.27]
	at org.springframework.web.servlet.DispatcherServlet.doService(DispatcherServlet.java:965) ~[spring-webmvc-5.3.27.jar:5.3.27]
	at org.springframework.web.servlet.FrameworkServlet.processRequest(FrameworkServlet.java:1006) ~[spring-webmvc-5.3.27.jar:5.3.27]
	at org.springframework.web.servlet.FrameworkServlet.doGet(FrameworkServlet.java:898) ~[spring-webmvc-5.3.27.jar:5.3.27]
	at javax.servlet.http.HttpServlet.service(HttpServlet.java:529) ~[tomcat-embed-core-9.0.75.jar:4.0.FR]
	at org.springframework.web.servlet.FrameworkServlet.service(FrameworkServlet.java:883) ~[spring-webmvc-5.3.27.jar:5.3.27]
	at javax.servlet.http.HttpServlet.service(HttpServlet.java:623) ~[tomcat-embed-core-9.0.75.jar:4.0.FR]
	at org.apache.catalina.core.ApplicationFilterChain.internalDoFilter(ApplicationFilterChain.java:209) ~[tomcat-embed-core-9.0.75.jar:9.0.75]
	at org.apache.catalina.core.ApplicationFilterChain.doFilter(ApplicationFilterChain.java:153) ~[tomcat-embed-core-9.0.75.jar:9.0.75]
	at org.apache.tomcat.websocket.server.WsFilter.doFilter(WsFilter.java:51) ~[tomcat-embed-websocket-9.0.75.jar:9.0.75]
	at org.apache.catalina.core.ApplicationFilterChain.internalDoFilter(ApplicationFilterChain.java:178) ~[tomcat-embed-core-9.0.75.jar:9.0.75]
	at org.apache.catalina.core.ApplicationFilterChain.doFilter(ApplicationFilterChain.java:153) ~[tomcat-embed-core-9.0.75.jar:9.0.75]
	at org.springframework.web.filter.RequestContextFilter.doFilterInternal(RequestContextFilter.java:100) ~[spring-web-5.3.27.jar:5.3.27]
	at org.springframework.web.filter.OncePerRequestFilter.doFilter(OncePerRequestFilter.java:117) ~[spring-web-5.3.27.jar:5.3.27]
	at org.apache.catalina.core.ApplicationFilterChain.internalDoFilter(ApplicationFilterChain.java:178) ~[tomcat-embed-core-9.0.75.jar:9.0.75]
	at org.apache.catalina.core.ApplicationFilterChain.doFilter(ApplicationFilterChain.java:153) ~[tomcat-embed-core-9.0.75.jar:9.0.75]
	at org.springframework.web.filter.FormContentFilter.doFilterInternal(FormContentFilter.java:93) ~[spring-web-5.3.27.jar:5.3.27]
	at org.springframework.web.filter.OncePerRequestFilter.doFilter(OncePerRequestFilter.java:117) ~[spring-web-5.3.27.jar:5.3.27]
	at org.apache.catalina.core.ApplicationFilterChain.internalDoFilter(ApplicationFilterChain.java:178) ~[tomcat-embed-core-9.0.75.jar:9.0.75]
	at org.apache.catalina.core.ApplicationFilterChain.doFilter(ApplicationFilterChain.java:153) ~[tomcat-embed-core-9.0.75.jar:9.0.75]
	at org.springframework.web.filter.CharacterEncodingFilter.doFilterInternal(CharacterEncodingFilter.java:201) ~[spring-web-5.3.27.jar:5.3.27]
	at org.springframework.web.filter.OncePerRequestFilter.doFilter(OncePerRequestFilter.java:117) ~[spring-web-5.3.27.jar:5.3.27]
	at org.apache.catalina.core.ApplicationFilterChain.internalDoFilter(ApplicationFilterChain.java:178) ~[tomcat-embed-core-9.0.75.jar:9.0.75]
	at org.apache.catalina.core.ApplicationFilterChain.doFilter(ApplicationFilterChain.java:153) ~[tomcat-embed-core-9.0.75.jar:9.0.75]
	at org.apache.catalina.core.StandardWrapperValve.invoke(StandardWrapperValve.java:167) ~[tomcat-embed-core-9.0.75.jar:9.0.75]
	at org.apache.catalina.core.StandardContextValve.invoke(StandardContextValve.java:90) ~[tomcat-embed-core-9.0.75.jar:9.0.75]
	at org.apache.catalina.authenticator.AuthenticatorBase.invoke(AuthenticatorBase.java:481) ~[tomcat-embed-core-9.0.75.jar:9.0.75]
	at org.apache.catalina.core.StandardHostValve.invoke(StandardHostValve.java:130) ~[tomcat-embed-core-9.0.75.jar:9.0.75]
	at org.apache.catalina.valves.ErrorReportValve.invoke(ErrorReportValve.java:93) ~[tomcat-embed-core-9.0.75.jar:9.0.75]
	at org.apache.catalina.core.StandardEngineValve.invoke(StandardEngineValve.java:74) ~[tomcat-embed-core-9.0.75.jar:9.0.75]
	at org.apache.catalina.connector.CoyoteAdapter.service(CoyoteAdapter.java:343) ~[tomcat-embed-core-9.0.75.jar:9.0.75]
	at org.apache.coyote.http11.Http11Processor.service(Http11Processor.java:390) ~[tomcat-embed-core-9.0.75.jar:9.0.75]
	at org.apache.coyote.AbstractProcessorLight.process(AbstractProcessorLight.java:63) ~[tomcat-embed-core-9.0.75.jar:9.0.75]
	at org.apache.coyote.AbstractProtocol$ConnectionHandler.process(AbstractProtocol.java:926) ~[tomcat-embed-core-9.0.75.jar:9.0.75]
	at org.apache.tomcat.util.net.NioEndpoint$SocketProcessor.doRun(NioEndpoint.java:1791) ~[tomcat-embed-core-9.0.75.jar:9.0.75]
	at org.apache.tomcat.util.net.SocketProcessorBase.run(SocketProcessorBase.java:52) ~[tomcat-embed-core-9.0.75.jar:9.0.75]
	at org.apache.tomcat.util.threads.ThreadPoolExecutor.runWorker(ThreadPoolExecutor.java:1191) ~[tomcat-embed-core-9.0.75.jar:9.0.75]
	at org.apache.tomcat.util.threads.ThreadPoolExecutor$Worker.run(ThreadPoolExecutor.java:659) ~[tomcat-embed-core-9.0.75.jar:9.0.75]
	at org.apache.tomcat.util.threads.TaskThread$WrappingRunnable.run(TaskThread.java:61) ~[tomcat-embed-core-9.0.75.jar:9.0.75]
	at java.base/java.lang.Thread.run(Thread.java:829) ~[na:na]
Caused by: com.mysql.cj.exceptions.CJCommunicationsException: Communications link failure

The last packet sent successfully to the server was 0 milliseconds ago. The driver has not received any packets from the server.
	at java.base/jdk.internal.reflect.NativeConstructorAccessorImpl.newInstance0(Native Method) ~[na:na]
	at java.base/jdk.internal.reflect.NativeConstructorAccessorImpl.newInstance(NativeConstructorAccessorImpl.java:62) ~[na:na]
	at java.base/jdk.internal.reflect.DelegatingConstructorAccessorImpl.newInstance(DelegatingConstructorAccessorImpl.java:45) ~[na:na]
	at java.base/java.lang.reflect.Constructor.newInstance(Constructor.java:490) ~[na:na]
	at com.mysql.cj.exceptions.ExceptionFactory.createException(ExceptionFactory.java:61) ~[mysql-connector-java-8.0.23.jar:8.0.23]
	at com.mysql.cj.exceptions.ExceptionFactory.createException(ExceptionFactory.java:105) ~[mysql-connector-java-8.0.23.jar:8.0.23]
	at com.mysql.cj.exceptions.ExceptionFactory.createException(ExceptionFactory.java:151) ~[mysql-connector-java-8.0.23.jar:8.0.23]
	at com.mysql.cj.exceptions.ExceptionFactory.createCommunicationsException(ExceptionFactory.java:167) ~[mysql-connector-java-8.0.23.jar:8.0.23]
	at com.mysql.cj.protocol.a.NativeSocketConnection.connect(NativeSocketConnection.java:89) ~[mysql-connector-java-8.0.23.jar:8.0.23]
	at com.mysql.cj.NativeSession.connect(NativeSession.java:144) ~[mysql-connector-java-8.0.23.jar:8.0.23]
	at com.mysql.cj.jdbc.ConnectionImpl.connectWithRetries(ConnectionImpl.java:847) ~[mysql-connector-java-8.0.23.jar:8.0.23]
	... 99 common frames omitted
Caused by: java.net.UnknownHostException: mysql
	at java.base/java.net.InetAddress$CachedAddresses.get(InetAddress.java:797) ~[na:na]
	at java.base/java.net.InetAddress.getAllByName0(InetAddress.java:1533) ~[na:na]
	at java.base/java.net.InetAddress.getAllByName(InetAddress.java:1386) ~[na:na]
	at java.base/java.net.InetAddress.getAllByName(InetAddress.java:1307) ~[na:na]
	at com.mysql.cj.protocol.StandardSocketFactory.connect(StandardSocketFactory.java:132) ~[mysql-connector-java-8.0.23.jar:8.0.23]
	at com.mysql.cj.protocol.a.NativeSocketConnection.connect(NativeSocketConnection.java:63) ~[mysql-connector-java-8.0.23.jar:8.0.23]
	... 101 common frames omitted

20:01:59:197 ERROR 1884 --- [http-nio-8081-exec-4] o.a.c.c.C.[.[.[/].[dispatcherServlet]    : Servlet.service() for servlet [dispatcherServlet] in context with path [] threw exception [Request processing failed; nested exception is org.mybatis.spring.MyBatisSystemException: nested exception is org.apache.ibatis.exceptions.PersistenceException: 
### Error querying database.  Cause: org.springframework.jdbc.CannotGetJdbcConnectionException: Failed to obtain JDBC Connection; nested exception is java.sql.SQLNonTransientConnectionException: Could not create connection to database server. Attempted reconnect 3 times. Giving up.
### The error may exist in com/hmall/item/mapper/ItemMapper.java (best guess)
### The error may involve com.hmall.item.mapper.ItemMapper.selectBatchIds
### The error occurred while executing a query
### Cause: org.springframework.jdbc.CannotGetJdbcConnectionException: Failed to obtain JDBC Connection; nested exception is java.sql.SQLNonTransientConnectionException: Could not create connection to database server. Attempted reconnect 3 times. Giving up.] with root cause

java.net.UnknownHostException: mysql
	at java.base/java.net.InetAddress$CachedAddresses.get(InetAddress.java:797) ~[na:na]
	at java.base/java.net.InetAddress.getAllByName0(InetAddress.java:1533) ~[na:na]
	at java.base/java.net.InetAddress.getAllByName(InetAddress.java:1386) ~[na:na]
	at java.base/java.net.InetAddress.getAllByName(InetAddress.java:1307) ~[na:na]
	at com.mysql.cj.protocol.StandardSocketFactory.connect(StandardSocketFactory.java:132) ~[mysql-connector-java-8.0.23.jar:8.0.23]
	at com.mysql.cj.protocol.a.NativeSocketConnection.connect(NativeSocketConnection.java:63) ~[mysql-connector-java-8.0.23.jar:8.0.23]
	at com.mysql.cj.NativeSession.connect(NativeSession.java:144) ~[mysql-connector-java-8.0.23.jar:8.0.23]
	at com.mysql.cj.jdbc.ConnectionImpl.connectWithRetries(ConnectionImpl.java:847) ~[mysql-connector-java-8.0.23.jar:8.0.23]
	at com.mysql.cj.jdbc.ConnectionImpl.createNewIO(ConnectionImpl.java:828) ~[mysql-connector-java-8.0.23.jar:8.0.23]
	at com.mysql.cj.jdbc.ConnectionImpl.<init>(ConnectionImpl.java:453) ~[mysql-connector-java-8.0.23.jar:8.0.23]
	at com.mysql.cj.jdbc.ConnectionImpl.getInstance(ConnectionImpl.java:246) ~[mysql-connector-java-8.0.23.jar:8.0.23]
	at com.mysql.cj.jdbc.NonRegisteringDriver.connect(NonRegisteringDriver.java:198) ~[mysql-connector-java-8.0.23.jar:8.0.23]
	at com.zaxxer.hikari.util.DriverDataSource.getConnection(DriverDataSource.java:138) ~[HikariCP-4.0.3.jar:na]
	at com.zaxxer.hikari.pool.PoolBase.newConnection(PoolBase.java:364) ~[HikariCP-4.0.3.jar:na]
	at com.zaxxer.hikari.pool.PoolBase.newPoolEntry(PoolBase.java:206) ~[HikariCP-4.0.3.jar:na]
	at com.zaxxer.hikari.pool.HikariPool.createPoolEntry(HikariPool.java:476) ~[HikariCP-4.0.3.jar:na]
	at com.zaxxer.hikari.pool.HikariPool.checkFailFast(HikariPool.java:561) ~[HikariCP-4.0.3.jar:na]
	at com.zaxxer.hikari.pool.HikariPool.<init>(HikariPool.java:115) ~[HikariCP-4.0.3.jar:na]
	at com.zaxxer.hikari.HikariDataSource.getConnection(HikariDataSource.java:112) ~[HikariCP-4.0.3.jar:na]
	at org.springframework.jdbc.datasource.DataSourceUtils.fetchConnection(DataSourceUtils.java:159) ~[spring-jdbc-5.3.27.jar:5.3.27]
	at org.springframework.jdbc.datasource.DataSourceUtils.doGetConnection(DataSourceUtils.java:117) ~[spring-jdbc-5.3.27.jar:5.3.27]
	at org.springframework.jdbc.datasource.DataSourceUtils.getConnection(DataSourceUtils.java:80) ~[spring-jdbc-5.3.27.jar:5.3.27]
	at org.mybatis.spring.transaction.SpringManagedTransaction.openConnection(SpringManagedTransaction.java:80) ~[mybatis-spring-2.0.6.jar:2.0.6]
	at org.mybatis.spring.transaction.SpringManagedTransaction.getConnection(SpringManagedTransaction.java:67) ~[mybatis-spring-2.0.6.jar:2.0.6]
	at org.apache.ibatis.executor.BaseExecutor.getConnection(BaseExecutor.java:337) ~[mybatis-3.5.7.jar:3.5.7]
	at org.apache.ibatis.executor.SimpleExecutor.prepareStatement(SimpleExecutor.java:86) ~[mybatis-3.5.7.jar:3.5.7]
	at org.apache.ibatis.executor.SimpleExecutor.doQuery(SimpleExecutor.java:62) ~[mybatis-3.5.7.jar:3.5.7]
	at org.apache.ibatis.executor.BaseExecutor.queryFromDatabase(BaseExecutor.java:325) ~[mybatis-3.5.7.jar:3.5.7]
	at org.apache.ibatis.executor.BaseExecutor.query(BaseExecutor.java:156) ~[mybatis-3.5.7.jar:3.5.7]
	at org.apache.ibatis.executor.CachingExecutor.query(CachingExecutor.java:109) ~[mybatis-3.5.7.jar:3.5.7]
	at com.baomidou.mybatisplus.extension.plugins.MybatisPlusInterceptor.intercept(MybatisPlusInterceptor.java:81) ~[mybatis-plus-extension-3.4.3.jar:3.4.3]
	at org.apache.ibatis.plugin.Plugin.invoke(Plugin.java:62) ~[mybatis-3.5.7.jar:3.5.7]
	at com.sun.proxy.$Proxy124.query(Unknown Source) ~[na:na]
	at org.apache.ibatis.session.defaults.DefaultSqlSession.selectList(DefaultSqlSession.java:151) ~[mybatis-3.5.7.jar:3.5.7]
	at org.apache.ibatis.session.defaults.DefaultSqlSession.selectList(DefaultSqlSession.java:145) ~[mybatis-3.5.7.jar:3.5.7]
	at org.apache.ibatis.session.defaults.DefaultSqlSession.selectList(DefaultSqlSession.java:140) ~[mybatis-3.5.7.jar:3.5.7]
	at java.base/jdk.internal.reflect.NativeMethodAccessorImpl.invoke0(Native Method) ~[na:na]
	at java.base/jdk.internal.reflect.NativeMethodAccessorImpl.invoke(NativeMethodAccessorImpl.java:62) ~[na:na]
	at java.base/jdk.internal.reflect.DelegatingMethodAccessorImpl.invoke(DelegatingMethodAccessorImpl.java:43) ~[na:na]
	at java.base/java.lang.reflect.Method.invoke(Method.java:566) ~[na:na]
	at org.mybatis.spring.SqlSessionTemplate$SqlSessionInterceptor.invoke(SqlSessionTemplate.java:427) ~[mybatis-spring-2.0.6.jar:2.0.6]
	at com.sun.proxy.$Proxy82.selectList(Unknown Source) ~[na:na]
	at org.mybatis.spring.SqlSessionTemplate.selectList(SqlSessionTemplate.java:224) ~[mybatis-spring-2.0.6.jar:2.0.6]
	at com.baomidou.mybatisplus.core.override.MybatisMapperMethod.executeForMany(MybatisMapperMethod.java:166) ~[mybatis-plus-core-3.4.3.jar:3.4.3]
	at com.baomidou.mybatisplus.core.override.MybatisMapperMethod.execute(MybatisMapperMethod.java:77) ~[mybatis-plus-core-3.4.3.jar:3.4.3]
	at com.baomidou.mybatisplus.core.override.MybatisMapperProxy$PlainMethodInvoker.invoke(MybatisMapperProxy.java:148) ~[mybatis-plus-core-3.4.3.jar:3.4.3]
	at com.baomidou.mybatisplus.core.override.MybatisMapperProxy.invoke(MybatisMapperProxy.java:89) ~[mybatis-plus-core-3.4.3.jar:3.4.3]
	at com.sun.proxy.$Proxy87.selectBatchIds(Unknown Source) ~[na:na]
	at com.baomidou.mybatisplus.extension.service.IService.listByIds(IService.java:210) ~[mybatis-plus-extension-3.4.3.jar:3.4.3]
	at com.hmall.item.service.impl.ItemServiceImpl.queryItemByIds(ItemServiceImpl.java:43) ~[classes/:na]
	at com.hmall.item.service.impl.ItemServiceImpl$$FastClassBySpringCGLIB$$fe4365a9.invoke(<generated>) ~[classes/:na]
	at org.springframework.cglib.proxy.MethodProxy.invoke(MethodProxy.java:218) ~[spring-core-5.3.27.jar:5.3.27]
	at org.springframework.aop.framework.CglibAopProxy.invokeMethod(CglibAopProxy.java:386) ~[spring-aop-5.3.27.jar:5.3.27]
	at org.springframework.aop.framework.CglibAopProxy.access$000(CglibAopProxy.java:85) ~[spring-aop-5.3.27.jar:5.3.27]
	at org.springframework.aop.framework.CglibAopProxy$DynamicAdvisedInterceptor.intercept(CglibAopProxy.java:704) ~[spring-aop-5.3.27.jar:5.3.27]
	at com.hmall.item.service.impl.ItemServiceImpl$$EnhancerBySpringCGLIB$$6a22dd98.queryItemByIds(<generated>) ~[classes/:na]
	at com.hmall.item.controller.ItemController.queryItemByIds(ItemController.java:39) ~[classes/:na]
	at java.base/jdk.internal.reflect.NativeMethodAccessorImpl.invoke0(Native Method) ~[na:na]
	at java.base/jdk.internal.reflect.NativeMethodAccessorImpl.invoke(NativeMethodAccessorImpl.java:62) ~[na:na]
	at java.base/jdk.internal.reflect.DelegatingMethodAccessorImpl.invoke(DelegatingMethodAccessorImpl.java:43) ~[na:na]
	at java.base/java.lang.reflect.Method.invoke(Method.java:566) ~[na:na]
	at org.springframework.web.method.support.InvocableHandlerMethod.doInvoke(InvocableHandlerMethod.java:205) ~[spring-web-5.3.27.jar:5.3.27]
	at org.springframework.web.method.support.InvocableHandlerMethod.invokeForRequest(InvocableHandlerMethod.java:150) ~[spring-web-5.3.27.jar:5.3.27]
	at org.springframework.web.servlet.mvc.method.annotation.ServletInvocableHandlerMethod.invokeAndHandle(ServletInvocableHandlerMethod.java:117) ~[spring-webmvc-5.3.27.jar:5.3.27]
	at org.springframework.web.servlet.mvc.method.annotation.RequestMappingHandlerAdapter.invokeHandlerMethod(RequestMappingHandlerAdapter.java:895) ~[spring-webmvc-5.3.27.jar:5.3.27]
	at org.springframework.web.servlet.mvc.method.annotation.RequestMappingHandlerAdapter.handleInternal(RequestMappingHandlerAdapter.java:808) ~[spring-webmvc-5.3.27.jar:5.3.27]
	at org.springframework.web.servlet.mvc.method.AbstractHandlerMethodAdapter.handle(AbstractHandlerMethodAdapter.java:87) ~[spring-webmvc-5.3.27.jar:5.3.27]
	at org.springframework.web.servlet.DispatcherServlet.doDispatch(DispatcherServlet.java:1072) ~[spring-webmvc-5.3.27.jar:5.3.27]
	at org.springframework.web.servlet.DispatcherServlet.doService(DispatcherServlet.java:965) ~[spring-webmvc-5.3.27.jar:5.3.27]
	at org.springframework.web.servlet.FrameworkServlet.processRequest(FrameworkServlet.java:1006) ~[spring-webmvc-5.3.27.jar:5.3.27]
	at org.springframework.web.servlet.FrameworkServlet.doGet(FrameworkServlet.java:898) ~[spring-webmvc-5.3.27.jar:5.3.27]
	at javax.servlet.http.HttpServlet.service(HttpServlet.java:529) ~[tomcat-embed-core-9.0.75.jar:4.0.FR]
	at org.springframework.web.servlet.FrameworkServlet.service(FrameworkServlet.java:883) ~[spring-webmvc-5.3.27.jar:5.3.27]
	at javax.servlet.http.HttpServlet.service(HttpServlet.java:623) ~[tomcat-embed-core-9.0.75.jar:4.0.FR]
	at org.apache.catalina.core.ApplicationFilterChain.internalDoFilter(ApplicationFilterChain.java:209) ~[tomcat-embed-core-9.0.75.jar:9.0.75]
	at org.apache.catalina.core.ApplicationFilterChain.doFilter(ApplicationFilterChain.java:153) ~[tomcat-embed-core-9.0.75.jar:9.0.75]
	at org.apache.tomcat.websocket.server.WsFilter.doFilter(WsFilter.java:51) ~[tomcat-embed-websocket-9.0.75.jar:9.0.75]
	at org.apache.catalina.core.ApplicationFilterChain.internalDoFilter(ApplicationFilterChain.java:178) ~[tomcat-embed-core-9.0.75.jar:9.0.75]
	at org.apache.catalina.core.ApplicationFilterChain.doFilter(ApplicationFilterChain.java:153) ~[tomcat-embed-core-9.0.75.jar:9.0.75]
	at org.springframework.web.filter.RequestContextFilter.doFilterInternal(RequestContextFilter.java:100) ~[spring-web-5.3.27.jar:5.3.27]
	at org.springframework.web.filter.OncePerRequestFilter.doFilter(OncePerRequestFilter.java:117) ~[spring-web-5.3.27.jar:5.3.27]
	at org.apache.catalina.core.ApplicationFilterChain.internalDoFilter(ApplicationFilterChain.java:178) ~[tomcat-embed-core-9.0.75.jar:9.0.75]
	at org.apache.catalina.core.ApplicationFilterChain.doFilter(ApplicationFilterChain.java:153) ~[tomcat-embed-core-9.0.75.jar:9.0.75]
	at org.springframework.web.filter.FormContentFilter.doFilterInternal(FormContentFilter.java:93) ~[spring-web-5.3.27.jar:5.3.27]
	at org.springframework.web.filter.OncePerRequestFilter.doFilter(OncePerRequestFilter.java:117) ~[spring-web-5.3.27.jar:5.3.27]
	at org.apache.catalina.core.ApplicationFilterChain.internalDoFilter(ApplicationFilterChain.java:178) ~[tomcat-embed-core-9.0.75.jar:9.0.75]
	at org.apache.catalina.core.ApplicationFilterChain.doFilter(ApplicationFilterChain.java:153) ~[tomcat-embed-core-9.0.75.jar:9.0.75]
	at org.springframework.web.filter.CharacterEncodingFilter.doFilterInternal(CharacterEncodingFilter.java:201) ~[spring-web-5.3.27.jar:5.3.27]
	at org.springframework.web.filter.OncePerRequestFilter.doFilter(OncePerRequestFilter.java:117) ~[spring-web-5.3.27.jar:5.3.27]
	at org.apache.catalina.core.ApplicationFilterChain.internalDoFilter(ApplicationFilterChain.java:178) ~[tomcat-embed-core-9.0.75.jar:9.0.75]
	at org.apache.catalina.core.ApplicationFilterChain.doFilter(ApplicationFilterChain.java:153) ~[tomcat-embed-core-9.0.75.jar:9.0.75]
	at org.apache.catalina.core.StandardWrapperValve.invoke(StandardWrapperValve.java:167) ~[tomcat-embed-core-9.0.75.jar:9.0.75]
	at org.apache.catalina.core.StandardContextValve.invoke(StandardContextValve.java:90) ~[tomcat-embed-core-9.0.75.jar:9.0.75]
	at org.apache.catalina.authenticator.AuthenticatorBase.invoke(AuthenticatorBase.java:481) ~[tomcat-embed-core-9.0.75.jar:9.0.75]
	at org.apache.catalina.core.StandardHostValve.invoke(StandardHostValve.java:130) ~[tomcat-embed-core-9.0.75.jar:9.0.75]
	at org.apache.catalina.valves.ErrorReportValve.invoke(ErrorReportValve.java:93) ~[tomcat-embed-core-9.0.75.jar:9.0.75]
	at org.apache.catalina.core.StandardEngineValve.invoke(StandardEngineValve.java:74) ~[tomcat-embed-core-9.0.75.jar:9.0.75]
	at org.apache.catalina.connector.CoyoteAdapter.service(CoyoteAdapter.java:343) ~[tomcat-embed-core-9.0.75.jar:9.0.75]
	at org.apache.coyote.http11.Http11Processor.service(Http11Processor.java:390) ~[tomcat-embed-core-9.0.75.jar:9.0.75]
	at org.apache.coyote.AbstractProcessorLight.process(AbstractProcessorLight.java:63) ~[tomcat-embed-core-9.0.75.jar:9.0.75]
	at org.apache.coyote.AbstractProtocol$ConnectionHandler.process(AbstractProtocol.java:926) ~[tomcat-embed-core-9.0.75.jar:9.0.75]
	at org.apache.tomcat.util.net.NioEndpoint$SocketProcessor.doRun(NioEndpoint.java:1791) ~[tomcat-embed-core-9.0.75.jar:9.0.75]
	at org.apache.tomcat.util.net.SocketProcessorBase.run(SocketProcessorBase.java:52) ~[tomcat-embed-core-9.0.75.jar:9.0.75]
	at org.apache.tomcat.util.threads.ThreadPoolExecutor.runWorker(ThreadPoolExecutor.java:1191) ~[tomcat-embed-core-9.0.75.jar:9.0.75]
	at org.apache.tomcat.util.threads.ThreadPoolExecutor$Worker.run(ThreadPoolExecutor.java:659) ~[tomcat-embed-core-9.0.75.jar:9.0.75]
	at org.apache.tomcat.util.threads.TaskThread$WrappingRunnable.run(TaskThread.java:61) ~[tomcat-embed-core-9.0.75.jar:9.0.75]
	at java.base/java.lang.Thread.run(Thread.java:829) ~[na:na]

20:02:55:173  INFO 27124 --- [main] com.hmall.item.ItemApplication           : Starting ItemApplication using Java 11.0.25 on PeiDi with PID 27124 (C:\Users\18082\Desktop\java学习\SpringCloud微服务—资料\day03-微服务01\资料\hmall\item-service\target\classes started by 18082 in C:\Users\18082\Desktop\java学习\SpringCloud微服务—资料\day03-微服务01\资料\hmall)
20:02:55:175 DEBUG 27124 --- [main] com.hmall.item.ItemApplication           : Running with Spring Boot v2.7.12, Spring v5.3.27
20:02:55:175  INFO 27124 --- [main] com.hmall.item.ItemApplication           : The following 1 profile is active: "local"
20:02:56:015  INFO 27124 --- [main] o.s.b.w.embedded.tomcat.TomcatWebServer  : Tomcat initialized with port(s): 8081 (http)
20:02:56:016  INFO 27124 --- [main] o.a.catalina.core.AprLifecycleListener   : An older version [1.2.16] of the Apache Tomcat Native library is installed, while Tomcat recommends a minimum version of [1.2.30]
20:02:56:016  INFO 27124 --- [main] o.a.catalina.core.AprLifecycleListener   : Loaded Apache Tomcat Native library [1.2.16] using APR version [1.6.3].
20:02:56:016  INFO 27124 --- [main] o.a.catalina.core.AprLifecycleListener   : APR capabilities: IPv6 [true], sendfile [true], accept filters [false], random [true], UDS [false].
20:02:56:016  INFO 27124 --- [main] o.a.catalina.core.AprLifecycleListener   : APR/OpenSSL configuration: useAprConnector [false], useOpenSSL [true]
20:02:57:058  INFO 27124 --- [main] o.a.catalina.core.AprLifecycleListener   : OpenSSL successfully initialized [OpenSSL 1.0.2m  2 Nov 2017]
20:02:57:065  INFO 27124 --- [main] o.apache.catalina.core.StandardService   : Starting service [Tomcat]
20:02:57:065  INFO 27124 --- [main] org.apache.catalina.core.StandardEngine  : Starting Servlet engine: [Apache Tomcat/9.0.75]
20:02:57:145  INFO 27124 --- [main] o.a.c.c.C.[Tomcat].[localhost].[/]       : Initializing Spring embedded WebApplicationContext
20:02:57:145  INFO 27124 --- [main] w.s.c.ServletWebServerApplicationContext : Root WebApplicationContext: initialization completed in 1938 ms
20:02:58:157  INFO 27124 --- [main] pertySourcedRequestMappingHandlerMapping : Mapped URL path [/v2/api-docs] onto method [springfox.documentation.swagger2.web.Swagger2ControllerWebMvc#getDocumentation(String, HttpServletRequest)]
20:02:58:234  INFO 27124 --- [main] o.s.b.w.embedded.tomcat.TomcatWebServer  : Tomcat started on port(s): 8081 (http) with context path ''
20:02:58:236  INFO 27124 --- [main] d.s.w.p.DocumentationPluginsBootstrapper : Documentation plugins bootstrapped
20:02:58:238  INFO 27124 --- [main] d.s.w.p.DocumentationPluginsBootstrapper : Found 1 custom documentation plugin(s)
20:02:58:262  INFO 27124 --- [main] s.d.s.w.s.ApiListingReferenceScanner     : Scanning for api listing references
20:02:58:400  INFO 27124 --- [main] com.hmall.item.ItemApplication           : Started ItemApplication in 3.554 seconds (JVM running for 4.227)
20:03:00:773  INFO 27124 --- [http-nio-8081-exec-1] o.a.c.c.C.[Tomcat].[localhost].[/]       : Initializing Spring DispatcherServlet 'dispatcherServlet'
20:03:00:773  INFO 27124 --- [http-nio-8081-exec-1] o.s.web.servlet.DispatcherServlet        : Initializing Servlet 'dispatcherServlet'
20:03:00:774  INFO 27124 --- [http-nio-8081-exec-1] o.s.web.servlet.DispatcherServlet        : Completed initialization in 0 ms
20:03:05:828  INFO 27124 --- [http-nio-8081-exec-5] com.zaxxer.hikari.HikariDataSource       : HikariPool-1 - Starting...
20:03:06:048  INFO 27124 --- [http-nio-8081-exec-5] com.zaxxer.hikari.HikariDataSource       : HikariPool-1 - Start completed.
20:03:06:055 DEBUG 27124 --- [http-nio-8081-exec-5] c.h.i.mapper.ItemMapper.selectBatchIds   : ==>  Preparing: SELECT id,name,price,stock,image,category,brand,spec,sold,comment_count,isAD,status,create_time,update_time,creater,updater FROM item WHERE id IN ( ? , ? , ? )
20:03:06:075 DEBUG 27124 --- [http-nio-8081-exec-5] c.h.i.mapper.ItemMapper.selectBatchIds   : ==> Parameters: 100002672302(Long), 100002624500(Long), 100002533430(Long)
20:03:06:099 DEBUG 27124 --- [http-nio-8081-exec-5] c.h.i.mapper.ItemMapper.selectBatchIds   : <==      Total: 3
20:03:28:998 DEBUG 27124 --- [http-nio-8081-exec-6] c.h.i.mapper.ItemMapper.selectBatchIds   : ==>  Preparing: SELECT id,name,price,stock,image,category,brand,spec,sold,comment_count,isAD,status,create_time,update_time,creater,updater FROM item WHERE id IN ( ? )
20:03:28:999 DEBUG 27124 --- [http-nio-8081-exec-6] c.h.i.mapper.ItemMapper.selectBatchIds   : ==> Parameters: 100000006163(Long)
20:03:29:001 DEBUG 27124 --- [http-nio-8081-exec-6] c.h.i.mapper.ItemMapper.selectBatchIds   : <==      Total: 1
20:44:11:755  INFO 19732 --- [main] com.hmall.item.ItemApplication           : Starting ItemApplication using Java 11.0.25 on PeiDi with PID 19732 (C:\Users\18082\Desktop\java学习\SpringCloud微服务—资料\day03-微服务01\资料\hmall\item-service\target\classes started by 18082 in C:\Users\18082\Desktop\java学习\SpringCloud微服务—资料\day03-微服务01\资料\hmall)
20:44:11:757 DEBUG 19732 --- [main] com.hmall.item.ItemApplication           : Running with Spring Boot v2.7.12, Spring v5.3.27
20:44:11:757  INFO 19732 --- [main] com.hmall.item.ItemApplication           : The following 1 profile is active: "local"
20:44:12:420  INFO 19732 --- [main] o.s.cloud.context.scope.GenericScope     : BeanFactory id=c414497b-08ec-3e5c-a252-0da90406e5b8
20:44:12:629  INFO 19732 --- [main] o.s.b.w.embedded.tomcat.TomcatWebServer  : Tomcat initialized with port(s): 8081 (http)
20:44:12:630  INFO 19732 --- [main] o.a.catalina.core.AprLifecycleListener   : An older version [1.2.16] of the Apache Tomcat Native library is installed, while Tomcat recommends a minimum version of [1.2.30]
20:44:12:630  INFO 19732 --- [main] o.a.catalina.core.AprLifecycleListener   : Loaded Apache Tomcat Native library [1.2.16] using APR version [1.6.3].
20:44:12:630  INFO 19732 --- [main] o.a.catalina.core.AprLifecycleListener   : APR capabilities: IPv6 [true], sendfile [true], accept filters [false], random [true], UDS [false].
20:44:12:630  INFO 19732 --- [main] o.a.catalina.core.AprLifecycleListener   : APR/OpenSSL configuration: useAprConnector [false], useOpenSSL [true]
20:44:13:685  INFO 19732 --- [main] o.a.catalina.core.AprLifecycleListener   : OpenSSL successfully initialized [OpenSSL 1.0.2m  2 Nov 2017]
20:44:13:692  INFO 19732 --- [main] o.apache.catalina.core.StandardService   : Starting service [Tomcat]
20:44:13:692  INFO 19732 --- [main] org.apache.catalina.core.StandardEngine  : Starting Servlet engine: [Apache Tomcat/9.0.75]
20:44:13:772  INFO 19732 --- [main] o.a.c.c.C.[Tomcat].[localhost].[/]       : Initializing Spring embedded WebApplicationContext
20:44:13:773  INFO 19732 --- [main] w.s.c.ServletWebServerApplicationContext : Root WebApplicationContext: initialization completed in 1988 ms
20:44:16:232  INFO 19732 --- [main] o.s.cloud.commons.util.InetUtils         : Cannot determine local hostname
20:44:16:249  INFO 19732 --- [main] pertySourcedRequestMappingHandlerMapping : Mapped URL path [/v2/api-docs] onto method [springfox.documentation.swagger2.web.Swagger2ControllerWebMvc#getDocumentation(String, HttpServletRequest)]
20:44:17:552  INFO 19732 --- [main] o.s.cloud.commons.util.InetUtils         : Cannot determine local hostname
20:44:17:641  INFO 19732 --- [main] com.alibaba.nacos.common.remote.client   : [RpcClientFactory] create a new rpc client of 3c7937b9-91fd-402e-92ef-be3096af8e9a
20:44:17:672  INFO 19732 --- [main] org.reflections.Reflections              : Reflections took 18 ms to scan 1 urls, producing 3 keys and 6 values 
20:44:17:692  INFO 19732 --- [main] org.reflections.Reflections              : Reflections took 8 ms to scan 1 urls, producing 4 keys and 9 values 
20:44:17:699  INFO 19732 --- [main] org.reflections.Reflections              : Reflections took 5 ms to scan 1 urls, producing 3 keys and 10 values 
20:44:17:701  WARN 19732 --- [main] org.reflections.Reflections              : given scan urls are empty. set urls in the configuration
20:44:17:707  INFO 19732 --- [main] org.reflections.Reflections              : Reflections took 5 ms to scan 1 urls, producing 1 keys and 5 values 
20:44:17:715  INFO 19732 --- [main] org.reflections.Reflections              : Reflections took 5 ms to scan 1 urls, producing 1 keys and 7 values 
20:44:17:723  INFO 19732 --- [main] org.reflections.Reflections              : Reflections took 5 ms to scan 1 urls, producing 2 keys and 8 values 
20:44:17:724  WARN 19732 --- [main] org.reflections.Reflections              : given scan urls are empty. set urls in the configuration
20:44:17:725  INFO 19732 --- [main] com.alibaba.nacos.common.remote.client   : [3c7937b9-91fd-402e-92ef-be3096af8e9a] RpcClient init label, labels = {module=naming, source=sdk}
20:44:17:727  INFO 19732 --- [main] com.alibaba.nacos.common.remote.client   : [3c7937b9-91fd-402e-92ef-be3096af8e9a] RpcClient init, ServerListFactory = com.alibaba.nacos.client.naming.core.ServerListManager
20:44:17:727  INFO 19732 --- [main] com.alibaba.nacos.common.remote.client   : [3c7937b9-91fd-402e-92ef-be3096af8e9a] Registry connection listener to current client:com.alibaba.nacos.client.naming.remote.gprc.redo.NamingGrpcRedoService
20:44:17:727  INFO 19732 --- [main] com.alibaba.nacos.common.remote.client   : [3c7937b9-91fd-402e-92ef-be3096af8e9a] Register server push request handler:com.alibaba.nacos.client.naming.remote.gprc.NamingPushRequestHandler
20:44:17:728  INFO 19732 --- [main] com.alibaba.nacos.common.remote.client   : [3c7937b9-91fd-402e-92ef-be3096af8e9a] Try to connect to server on start up, server: {serverIp = '192.168.174.129', server main port = 8848}
20:44:19:037  INFO 19732 --- [main] com.alibaba.nacos.common.remote.client   : [3c7937b9-91fd-402e-92ef-be3096af8e9a] Success to connect to server [192.168.174.129:8848] on start up, connectionId = 1737377058336_192.168.174.1_51667
20:44:19:038  INFO 19732 --- [com.alibaba.nacos.client.remote.worker] com.alibaba.nacos.common.remote.client   : [3c7937b9-91fd-402e-92ef-be3096af8e9a] Notify connected event to listeners.
20:44:19:039  INFO 19732 --- [main] com.alibaba.nacos.common.remote.client   : [3c7937b9-91fd-402e-92ef-be3096af8e9a] Register server push request handler:com.alibaba.nacos.common.remote.client.RpcClient$ConnectResetRequestHandler
20:44:19:040  INFO 19732 --- [main] com.alibaba.nacos.common.remote.client   : [3c7937b9-91fd-402e-92ef-be3096af8e9a] Register server push request handler:com.alibaba.nacos.common.remote.client.RpcClient$$Lambda$902/0x000000080067a040
20:44:19:089  WARN 19732 --- [main] ConfigServletWebServerApplicationContext : Exception encountered during context initialization - cancelling refresh attempt: org.springframework.context.ApplicationContextException: Failed to start bean 'webServerStartStop'; nested exception is org.springframework.boot.web.server.PortInUseException: Port 8081 is already in use
20:44:19:619  INFO 19732 --- [nacos-grpc-client-executor-8] com.alibaba.nacos.common.remote.client   : [3c7937b9-91fd-402e-92ef-be3096af8e9a] Receive server push request, request = NotifySubscriberRequest, requestId = 1
20:44:19:620  INFO 19732 --- [nacos-grpc-client-executor-8] com.alibaba.nacos.common.remote.client   : [3c7937b9-91fd-402e-92ef-be3096af8e9a] Ack server push request, request = NotifySubscriberRequest, requestId = 1
20:44:19:728  INFO 19732 --- [main] com.alibaba.nacos.common.remote.client   : Shutdown rpc client, set status to shutdown
20:44:19:728  INFO 19732 --- [main] com.alibaba.nacos.common.remote.client   : Shutdown client event executor java.util.concurrent.ScheduledThreadPoolExecutor@35d81657[Running, pool size = 2, active threads = 2, queued tasks = 0, completed tasks = 0]
20:44:19:728  INFO 19732 --- [main] com.alibaba.nacos.common.remote.client   : Close current connection 1737377058336_192.168.174.1_51667
20:44:19:731  INFO 19732 --- [nacos-grpc-client-executor-9] c.a.n.c.remote.client.grpc.GrpcClient    : [1737377058336_192.168.174.1_51667]Ignore complete event,isRunning:false,isAbandon=false
20:44:19:732  INFO 19732 --- [main] c.a.n.c.remote.client.grpc.GrpcClient    : Shutdown grpc executor java.util.concurrent.ThreadPoolExecutor@4ca4f762[Running, pool size = 10, active threads = 0, queued tasks = 0, completed tasks = 10]
20:44:19:734  INFO 19732 --- [main] com.alibaba.nacos.common.remote.client   : [RpcClientFactory] create a new rpc client of 91fd8e3f-40dd-4f84-8cb0-8c533072394a
20:44:19:734  INFO 19732 --- [main] com.alibaba.nacos.common.remote.client   : [91fd8e3f-40dd-4f84-8cb0-8c533072394a] RpcClient init label, labels = {module=naming, source=sdk}
20:44:19:734  INFO 19732 --- [main] com.alibaba.nacos.common.remote.client   : [91fd8e3f-40dd-4f84-8cb0-8c533072394a] RpcClient init, ServerListFactory = com.alibaba.nacos.client.naming.core.ServerListManager
20:44:19:734  INFO 19732 --- [main] com.alibaba.nacos.common.remote.client   : [91fd8e3f-40dd-4f84-8cb0-8c533072394a] Registry connection listener to current client:com.alibaba.nacos.client.naming.remote.gprc.redo.NamingGrpcRedoService
20:44:19:734  INFO 19732 --- [main] com.alibaba.nacos.common.remote.client   : [91fd8e3f-40dd-4f84-8cb0-8c533072394a] Register server push request handler:com.alibaba.nacos.client.naming.remote.gprc.NamingPushRequestHandler
20:44:19:734  INFO 19732 --- [main] com.alibaba.nacos.common.remote.client   : [91fd8e3f-40dd-4f84-8cb0-8c533072394a] Try to connect to server on start up, server: {serverIp = '192.168.174.129', server main port = 8848}
20:44:19:865  INFO 19732 --- [main] com.alibaba.nacos.common.remote.client   : [91fd8e3f-40dd-4f84-8cb0-8c533072394a] Success to connect to server [192.168.174.129:8848] on start up, connectionId = 1737377059377_192.168.174.1_51669
20:44:19:865  INFO 19732 --- [main] com.alibaba.nacos.common.remote.client   : [91fd8e3f-40dd-4f84-8cb0-8c533072394a] Register server push request handler:com.alibaba.nacos.common.remote.client.RpcClient$ConnectResetRequestHandler
20:44:19:865  INFO 19732 --- [main] com.alibaba.nacos.common.remote.client   : [91fd8e3f-40dd-4f84-8cb0-8c533072394a] Register server push request handler:com.alibaba.nacos.common.remote.client.RpcClient$$Lambda$902/0x000000080067a040
20:44:19:865  INFO 19732 --- [com.alibaba.nacos.client.remote.worker] com.alibaba.nacos.common.remote.client   : [91fd8e3f-40dd-4f84-8cb0-8c533072394a] Notify connected event to listeners.
20:44:19:878  INFO 19732 --- [main] o.apache.catalina.core.StandardService   : Stopping service [Tomcat]
20:44:19:893  INFO 19732 --- [main] ConditionEvaluationReportLoggingListener : 

Error starting ApplicationContext. To display the conditions report re-run your application with 'debug' enabled.
20:44:19:910 ERROR 19732 --- [main] o.s.b.d.LoggingFailureAnalysisReporter   : 

***************************
APPLICATION FAILED TO START
***************************

Description:

Web server failed to start. Port 8081 was already in use.

Action:

Identify and stop the process that's listening on port 8081 or configure this application to listen on another port.

20:44:19:911  WARN 19732 --- [Thread-7] c.a.n.common.http.HttpClientBeanHolder   : [HttpClientBeanHolder] Start destroying common HttpClient
20:44:19:911  WARN 19732 --- [Thread-4] c.a.nacos.common.notify.NotifyCenter     : [NotifyCenter] Start destroying Publisher
20:44:19:911  WARN 19732 --- [Thread-4] c.a.nacos.common.notify.NotifyCenter     : [NotifyCenter] Destruction of the end
20:44:19:911  WARN 19732 --- [Thread-7] c.a.n.common.http.HttpClientBeanHolder   : [HttpClientBeanHolder] Destruction of the end
20:44:40:151  INFO 27124 --- [SpringApplicationShutdownHook] com.zaxxer.hikari.HikariDataSource       : HikariPool-1 - Shutdown initiated...
20:44:40:163  INFO 27124 --- [SpringApplicationShutdownHook] com.zaxxer.hikari.HikariDataSource       : HikariPool-1 - Shutdown completed.
20:44:47:673  INFO 1076 --- [main] com.hmall.item.ItemApplication           : Starting ItemApplication using Java 11.0.25 on PeiDi with PID 1076 (C:\Users\18082\Desktop\java学习\SpringCloud微服务—资料\day03-微服务01\资料\hmall\item-service\target\classes started by 18082 in C:\Users\18082\Desktop\java学习\SpringCloud微服务—资料\day03-微服务01\资料\hmall)
20:44:47:676 DEBUG 1076 --- [main] com.hmall.item.ItemApplication           : Running with Spring Boot v2.7.12, Spring v5.3.27
20:44:47:676  INFO 1076 --- [main] com.hmall.item.ItemApplication           : The following 1 profile is active: "local"
20:44:48:384  INFO 1076 --- [main] o.s.cloud.context.scope.GenericScope     : BeanFactory id=c414497b-08ec-3e5c-a252-0da90406e5b8
20:44:48:609  INFO 1076 --- [main] o.s.b.w.embedded.tomcat.TomcatWebServer  : Tomcat initialized with port(s): 8081 (http)
20:44:48:610  INFO 1076 --- [main] o.a.catalina.core.AprLifecycleListener   : An older version [1.2.16] of the Apache Tomcat Native library is installed, while Tomcat recommends a minimum version of [1.2.30]
20:44:48:610  INFO 1076 --- [main] o.a.catalina.core.AprLifecycleListener   : Loaded Apache Tomcat Native library [1.2.16] using APR version [1.6.3].
20:44:48:610  INFO 1076 --- [main] o.a.catalina.core.AprLifecycleListener   : APR capabilities: IPv6 [true], sendfile [true], accept filters [false], random [true], UDS [false].
20:44:48:610  INFO 1076 --- [main] o.a.catalina.core.AprLifecycleListener   : APR/OpenSSL configuration: useAprConnector [false], useOpenSSL [true]
20:44:49:677  INFO 1076 --- [main] o.a.catalina.core.AprLifecycleListener   : OpenSSL successfully initialized [OpenSSL 1.0.2m  2 Nov 2017]
20:44:49:685  INFO 1076 --- [main] o.apache.catalina.core.StandardService   : Starting service [Tomcat]
20:44:49:686  INFO 1076 --- [main] org.apache.catalina.core.StandardEngine  : Starting Servlet engine: [Apache Tomcat/9.0.75]
20:44:49:784  INFO 1076 --- [main] o.a.c.c.C.[Tomcat].[localhost].[/]       : Initializing Spring embedded WebApplicationContext
20:44:49:785  INFO 1076 --- [main] w.s.c.ServletWebServerApplicationContext : Root WebApplicationContext: initialization completed in 2079 ms
20:44:52:433  INFO 1076 --- [main] o.s.cloud.commons.util.InetUtils         : Cannot determine local hostname
20:44:52:459  INFO 1076 --- [main] pertySourcedRequestMappingHandlerMapping : Mapped URL path [/v2/api-docs] onto method [springfox.documentation.swagger2.web.Swagger2ControllerWebMvc#getDocumentation(String, HttpServletRequest)]
20:44:53:841  INFO 1076 --- [main] o.s.cloud.commons.util.InetUtils         : Cannot determine local hostname
20:44:53:930  INFO 1076 --- [main] com.alibaba.nacos.common.remote.client   : [RpcClientFactory] create a new rpc client of a7f7eeef-656d-4f32-a2cf-613dcee22b27
20:44:53:962  INFO 1076 --- [main] org.reflections.Reflections              : Reflections took 17 ms to scan 1 urls, producing 3 keys and 6 values 
20:44:53:981  INFO 1076 --- [main] org.reflections.Reflections              : Reflections took 7 ms to scan 1 urls, producing 4 keys and 9 values 
20:44:53:991  INFO 1076 --- [main] org.reflections.Reflections              : Reflections took 7 ms to scan 1 urls, producing 3 keys and 10 values 
20:44:53:994  WARN 1076 --- [main] org.reflections.Reflections              : given scan urls are empty. set urls in the configuration
20:44:54:000  INFO 1076 --- [main] org.reflections.Reflections              : Reflections took 6 ms to scan 1 urls, producing 1 keys and 5 values 
20:44:54:009  INFO 1076 --- [main] org.reflections.Reflections              : Reflections took 7 ms to scan 1 urls, producing 1 keys and 7 values 
20:44:54:017  INFO 1076 --- [main] org.reflections.Reflections              : Reflections took 6 ms to scan 1 urls, producing 2 keys and 8 values 
20:44:54:018  WARN 1076 --- [main] org.reflections.Reflections              : given scan urls are empty. set urls in the configuration
20:44:54:019  INFO 1076 --- [main] com.alibaba.nacos.common.remote.client   : [a7f7eeef-656d-4f32-a2cf-613dcee22b27] RpcClient init label, labels = {module=naming, source=sdk}
20:44:54:021  INFO 1076 --- [main] com.alibaba.nacos.common.remote.client   : [a7f7eeef-656d-4f32-a2cf-613dcee22b27] RpcClient init, ServerListFactory = com.alibaba.nacos.client.naming.core.ServerListManager
20:44:54:021  INFO 1076 --- [main] com.alibaba.nacos.common.remote.client   : [a7f7eeef-656d-4f32-a2cf-613dcee22b27] Registry connection listener to current client:com.alibaba.nacos.client.naming.remote.gprc.redo.NamingGrpcRedoService
20:44:54:021  INFO 1076 --- [main] com.alibaba.nacos.common.remote.client   : [a7f7eeef-656d-4f32-a2cf-613dcee22b27] Register server push request handler:com.alibaba.nacos.client.naming.remote.gprc.NamingPushRequestHandler
20:44:54:022  INFO 1076 --- [main] com.alibaba.nacos.common.remote.client   : [a7f7eeef-656d-4f32-a2cf-613dcee22b27] Try to connect to server on start up, server: {serverIp = '192.168.174.129', server main port = 8848}
20:44:55:387  INFO 1076 --- [main] com.alibaba.nacos.common.remote.client   : [a7f7eeef-656d-4f32-a2cf-613dcee22b27] Success to connect to server [192.168.174.129:8848] on start up, connectionId = 1737377094836_192.168.174.1_52194
20:44:55:388  INFO 1076 --- [com.alibaba.nacos.client.remote.worker] com.alibaba.nacos.common.remote.client   : [a7f7eeef-656d-4f32-a2cf-613dcee22b27] Notify connected event to listeners.
20:44:55:388  INFO 1076 --- [main] com.alibaba.nacos.common.remote.client   : [a7f7eeef-656d-4f32-a2cf-613dcee22b27] Register server push request handler:com.alibaba.nacos.common.remote.client.RpcClient$ConnectResetRequestHandler
20:44:55:389  INFO 1076 --- [main] com.alibaba.nacos.common.remote.client   : [a7f7eeef-656d-4f32-a2cf-613dcee22b27] Register server push request handler:com.alibaba.nacos.common.remote.client.RpcClient$$Lambda$902/0x000000080067a040
20:44:55:446  INFO 1076 --- [main] o.s.b.w.embedded.tomcat.TomcatWebServer  : Tomcat started on port(s): 8081 (http) with context path ''
20:44:55:465  INFO 1076 --- [main] c.a.c.n.registry.NacosServiceRegistry    : nacos registry, DEFAULT_GROUP item-service 192.168.174.1:8081 register finished
20:44:55:956  INFO 1076 --- [nacos-grpc-client-executor-11] com.alibaba.nacos.common.remote.client   : [a7f7eeef-656d-4f32-a2cf-613dcee22b27] Receive server push request, request = NotifySubscriberRequest, requestId = 2
20:44:55:967  INFO 1076 --- [nacos-grpc-client-executor-11] com.alibaba.nacos.common.remote.client   : [a7f7eeef-656d-4f32-a2cf-613dcee22b27] Ack server push request, request = NotifySubscriberRequest, requestId = 2
20:44:56:806  INFO 1076 --- [main] o.s.cloud.commons.util.InetUtils         : Cannot determine local hostname
20:44:56:806  INFO 1076 --- [main] d.s.w.p.DocumentationPluginsBootstrapper : Documentation plugins bootstrapped
20:44:56:809  INFO 1076 --- [main] d.s.w.p.DocumentationPluginsBootstrapper : Found 1 custom documentation plugin(s)
20:44:56:829  INFO 1076 --- [main] s.d.s.w.s.ApiListingReferenceScanner     : Scanning for api listing references
20:44:56:917  INFO 1076 --- [main] com.hmall.item.ItemApplication           : Started ItemApplication in 10.919 seconds (JVM running for 11.587)
20:46:25:907  WARN 1076 --- [Thread-7] c.a.n.common.http.HttpClientBeanHolder   : [HttpClientBeanHolder] Start destroying common HttpClient
20:46:25:907  WARN 1076 --- [Thread-4] c.a.nacos.common.notify.NotifyCenter     : [NotifyCenter] Start destroying Publisher
20:46:25:907  WARN 1076 --- [Thread-4] c.a.nacos.common.notify.NotifyCenter     : [NotifyCenter] Destruction of the end
20:46:25:908  WARN 1076 --- [Thread-7] c.a.n.common.http.HttpClientBeanHolder   : [HttpClientBeanHolder] Destruction of the end
20:46:26:099  INFO 1076 --- [SpringApplicationShutdownHook] c.a.c.n.registry.NacosServiceRegistry    : De-registering from Nacos Server now...
20:46:26:102  INFO 1076 --- [SpringApplicationShutdownHook] c.a.c.n.registry.NacosServiceRegistry    : De-registration finished.
20:46:26:424  INFO 1076 --- [SpringApplicationShutdownHook] com.alibaba.nacos.common.remote.client   : Shutdown rpc client, set status to shutdown
20:46:26:424  INFO 1076 --- [SpringApplicationShutdownHook] com.alibaba.nacos.common.remote.client   : Shutdown client event executor java.util.concurrent.ScheduledThreadPoolExecutor@68ff7576[Running, pool size = 2, active threads = 2, queued tasks = 0, completed tasks = 0]
20:46:26:424  INFO 1076 --- [SpringApplicationShutdownHook] com.alibaba.nacos.common.remote.client   : Close current connection 1737377094836_192.168.174.1_52194
20:46:26:425  INFO 1076 --- [nacos-grpc-client-executor-38] c.a.n.c.remote.client.grpc.GrpcClient    : [1737377094836_192.168.174.1_52194]Ignore complete event,isRunning:false,isAbandon=false
20:46:26:427  INFO 1076 --- [SpringApplicationShutdownHook] c.a.n.c.remote.client.grpc.GrpcClient    : Shutdown grpc executor java.util.concurrent.ThreadPoolExecutor@14c5e0c4[Running, pool size = 5, active threads = 0, queued tasks = 0, completed tasks = 39]
20:46:30:698  INFO 16740 --- [main] com.hmall.item.ItemApplication           : Starting ItemApplication using Java 11.0.25 on PeiDi with PID 16740 (C:\Users\18082\Desktop\java学习\SpringCloud微服务—资料\day03-微服务01\资料\hmall\item-service\target\classes started by 18082 in C:\Users\18082\Desktop\java学习\SpringCloud微服务—资料\day03-微服务01\资料\hmall)
20:46:30:699 DEBUG 16740 --- [main] com.hmall.item.ItemApplication           : Running with Spring Boot v2.7.12, Spring v5.3.27
20:46:30:700  INFO 16740 --- [main] com.hmall.item.ItemApplication           : The following 1 profile is active: "local"
20:46:31:343  INFO 16740 --- [main] o.s.cloud.context.scope.GenericScope     : BeanFactory id=c414497b-08ec-3e5c-a252-0da90406e5b8
20:46:31:542  INFO 16740 --- [main] o.s.b.w.embedded.tomcat.TomcatWebServer  : Tomcat initialized with port(s): 8081 (http)
20:46:31:543  INFO 16740 --- [main] o.a.catalina.core.AprLifecycleListener   : An older version [1.2.16] of the Apache Tomcat Native library is installed, while Tomcat recommends a minimum version of [1.2.30]
20:46:31:543  INFO 16740 --- [main] o.a.catalina.core.AprLifecycleListener   : Loaded Apache Tomcat Native library [1.2.16] using APR version [1.6.3].
20:46:31:543  INFO 16740 --- [main] o.a.catalina.core.AprLifecycleListener   : APR capabilities: IPv6 [true], sendfile [true], accept filters [false], random [true], UDS [false].
20:46:31:544  INFO 16740 --- [main] o.a.catalina.core.AprLifecycleListener   : APR/OpenSSL configuration: useAprConnector [false], useOpenSSL [true]
20:46:32:585  INFO 16740 --- [main] o.a.catalina.core.AprLifecycleListener   : OpenSSL successfully initialized [OpenSSL 1.0.2m  2 Nov 2017]
20:46:32:592  INFO 16740 --- [main] o.apache.catalina.core.StandardService   : Starting service [Tomcat]
20:46:32:592  INFO 16740 --- [main] org.apache.catalina.core.StandardEngine  : Starting Servlet engine: [Apache Tomcat/9.0.75]
20:46:32:670  INFO 16740 --- [main] o.a.c.c.C.[Tomcat].[localhost].[/]       : Initializing Spring embedded WebApplicationContext
20:46:32:670  INFO 16740 --- [main] w.s.c.ServletWebServerApplicationContext : Root WebApplicationContext: initialization completed in 1942 ms
20:46:35:140  INFO 16740 --- [main] o.s.cloud.commons.util.InetUtils         : Cannot determine local hostname
20:46:35:160  INFO 16740 --- [main] pertySourcedRequestMappingHandlerMapping : Mapped URL path [/v2/api-docs] onto method [springfox.documentation.swagger2.web.Swagger2ControllerWebMvc#getDocumentation(String, HttpServletRequest)]
20:46:36:463  INFO 16740 --- [main] o.s.cloud.commons.util.InetUtils         : Cannot determine local hostname
20:46:36:545  INFO 16740 --- [main] com.alibaba.nacos.common.remote.client   : [RpcClientFactory] create a new rpc client of e7764fd1-d6db-4e4c-981f-856fe5485f67
20:46:36:573  INFO 16740 --- [main] org.reflections.Reflections              : Reflections took 16 ms to scan 1 urls, producing 3 keys and 6 values 
20:46:36:590  INFO 16740 --- [main] org.reflections.Reflections              : Reflections took 6 ms to scan 1 urls, producing 4 keys and 9 values 
20:46:36:599  INFO 16740 --- [main] org.reflections.Reflections              : Reflections took 6 ms to scan 1 urls, producing 3 keys and 10 values 
20:46:36:602  WARN 16740 --- [main] org.reflections.Reflections              : given scan urls are empty. set urls in the configuration
20:46:36:607  INFO 16740 --- [main] org.reflections.Reflections              : Reflections took 5 ms to scan 1 urls, producing 1 keys and 5 values 
20:46:36:615  INFO 16740 --- [main] org.reflections.Reflections              : Reflections took 6 ms to scan 1 urls, producing 1 keys and 7 values 
20:46:36:623  INFO 16740 --- [main] org.reflections.Reflections              : Reflections took 6 ms to scan 1 urls, producing 2 keys and 8 values 
20:46:36:624  WARN 16740 --- [main] org.reflections.Reflections              : given scan urls are empty. set urls in the configuration
20:46:36:625  INFO 16740 --- [main] com.alibaba.nacos.common.remote.client   : [e7764fd1-d6db-4e4c-981f-856fe5485f67] RpcClient init label, labels = {module=naming, source=sdk}
20:46:36:626  INFO 16740 --- [main] com.alibaba.nacos.common.remote.client   : [e7764fd1-d6db-4e4c-981f-856fe5485f67] RpcClient init, ServerListFactory = com.alibaba.nacos.client.naming.core.ServerListManager
20:46:36:626  INFO 16740 --- [main] com.alibaba.nacos.common.remote.client   : [e7764fd1-d6db-4e4c-981f-856fe5485f67] Registry connection listener to current client:com.alibaba.nacos.client.naming.remote.gprc.redo.NamingGrpcRedoService
20:46:36:626  INFO 16740 --- [main] com.alibaba.nacos.common.remote.client   : [e7764fd1-d6db-4e4c-981f-856fe5485f67] Register server push request handler:com.alibaba.nacos.client.naming.remote.gprc.NamingPushRequestHandler
20:46:36:628  INFO 16740 --- [main] com.alibaba.nacos.common.remote.client   : [e7764fd1-d6db-4e4c-981f-856fe5485f67] Try to connect to server on start up, server: {serverIp = '192.168.174.129', server main port = 8848}
20:46:37:772  INFO 16740 --- [main] com.alibaba.nacos.common.remote.client   : [e7764fd1-d6db-4e4c-981f-856fe5485f67] Success to connect to server [192.168.174.129:8848] on start up, connectionId = 1737377197218_192.168.174.1_53129
20:46:37:773  INFO 16740 --- [com.alibaba.nacos.client.remote.worker] com.alibaba.nacos.common.remote.client   : [e7764fd1-d6db-4e4c-981f-856fe5485f67] Notify connected event to listeners.
20:46:37:774  INFO 16740 --- [main] com.alibaba.nacos.common.remote.client   : [e7764fd1-d6db-4e4c-981f-856fe5485f67] Register server push request handler:com.alibaba.nacos.common.remote.client.RpcClient$ConnectResetRequestHandler
20:46:37:775  INFO 16740 --- [main] com.alibaba.nacos.common.remote.client   : [e7764fd1-d6db-4e4c-981f-856fe5485f67] Register server push request handler:com.alibaba.nacos.common.remote.client.RpcClient$$Lambda$902/0x000000080067a040
20:46:37:825  INFO 16740 --- [main] o.s.b.w.embedded.tomcat.TomcatWebServer  : Tomcat started on port(s): 8081 (http) with context path ''
20:46:37:834  INFO 16740 --- [main] c.a.c.n.registry.NacosServiceRegistry    : nacos registry, DEFAULT_GROUP item-service 192.168.174.1:8081 register finished
20:46:38:306  INFO 16740 --- [nacos-grpc-client-executor-10] com.alibaba.nacos.common.remote.client   : [e7764fd1-d6db-4e4c-981f-856fe5485f67] Receive server push request, request = NotifySubscriberRequest, requestId = 3
20:46:38:315  INFO 16740 --- [nacos-grpc-client-executor-10] com.alibaba.nacos.common.remote.client   : [e7764fd1-d6db-4e4c-981f-856fe5485f67] Ack server push request, request = NotifySubscriberRequest, requestId = 3
20:46:39:117  INFO 16740 --- [main] o.s.cloud.commons.util.InetUtils         : Cannot determine local hostname
20:46:39:118  INFO 16740 --- [main] d.s.w.p.DocumentationPluginsBootstrapper : Documentation plugins bootstrapped
20:46:39:120  INFO 16740 --- [main] d.s.w.p.DocumentationPluginsBootstrapper : Found 1 custom documentation plugin(s)
20:46:39:149  INFO 16740 --- [main] s.d.s.w.s.ApiListingReferenceScanner     : Scanning for api listing references
20:46:39:250  INFO 16740 --- [main] com.hmall.item.ItemApplication           : Started ItemApplication in 10.235 seconds (JVM running for 10.899)
20:48:32:699  INFO 15936 --- [main] com.hmall.item.ItemApplication           : Starting ItemApplication using Java 11.0.25 on PeiDi with PID 15936 (C:\Users\18082\Desktop\java学习\SpringCloud微服务—资料\day03-微服务01\资料\hmall\item-service\target\classes started by 18082 in C:\Users\18082\Desktop\java学习\SpringCloud微服务—资料\day03-微服务01\资料\hmall)
20:48:32:701 DEBUG 15936 --- [main] com.hmall.item.ItemApplication           : Running with Spring Boot v2.7.12, Spring v5.3.27
20:48:32:701  INFO 15936 --- [main] com.hmall.item.ItemApplication           : The following 1 profile is active: "local"
20:48:33:344  INFO 15936 --- [main] o.s.cloud.context.scope.GenericScope     : BeanFactory id=c414497b-08ec-3e5c-a252-0da90406e5b8
20:48:33:545  INFO 15936 --- [main] o.s.b.w.embedded.tomcat.TomcatWebServer  : Tomcat initialized with port(s): 8083 (http)
20:48:33:546  INFO 15936 --- [main] o.a.catalina.core.AprLifecycleListener   : An older version [1.2.16] of the Apache Tomcat Native library is installed, while Tomcat recommends a minimum version of [1.2.30]
20:48:33:546  INFO 15936 --- [main] o.a.catalina.core.AprLifecycleListener   : Loaded Apache Tomcat Native library [1.2.16] using APR version [1.6.3].
20:48:33:547  INFO 15936 --- [main] o.a.catalina.core.AprLifecycleListener   : APR capabilities: IPv6 [true], sendfile [true], accept filters [false], random [true], UDS [false].
20:48:33:547  INFO 15936 --- [main] o.a.catalina.core.AprLifecycleListener   : APR/OpenSSL configuration: useAprConnector [false], useOpenSSL [true]
20:48:34:587  INFO 15936 --- [main] o.a.catalina.core.AprLifecycleListener   : OpenSSL successfully initialized [OpenSSL 1.0.2m  2 Nov 2017]
20:48:34:594  INFO 15936 --- [main] o.apache.catalina.core.StandardService   : Starting service [Tomcat]
20:48:34:594  INFO 15936 --- [main] org.apache.catalina.core.StandardEngine  : Starting Servlet engine: [Apache Tomcat/9.0.75]
20:48:34:673  INFO 15936 --- [main] o.a.c.c.C.[Tomcat].[localhost].[/]       : Initializing Spring embedded WebApplicationContext
20:48:34:673  INFO 15936 --- [main] w.s.c.ServletWebServerApplicationContext : Root WebApplicationContext: initialization completed in 1944 ms
20:48:37:110  INFO 15936 --- [main] o.s.cloud.commons.util.InetUtils         : Cannot determine local hostname
20:48:37:128  INFO 15936 --- [main] pertySourcedRequestMappingHandlerMapping : Mapped URL path [/v2/api-docs] onto method [springfox.documentation.swagger2.web.Swagger2ControllerWebMvc#getDocumentation(String, HttpServletRequest)]
20:48:38:432  INFO 15936 --- [main] o.s.cloud.commons.util.InetUtils         : Cannot determine local hostname
20:48:38:516  INFO 15936 --- [main] com.alibaba.nacos.common.remote.client   : [RpcClientFactory] create a new rpc client of 382e68a1-3c64-4dc2-80e8-6d8e43569b3a
20:48:38:545  INFO 15936 --- [main] org.reflections.Reflections              : Reflections took 16 ms to scan 1 urls, producing 3 keys and 6 values 
20:48:38:562  INFO 15936 --- [main] org.reflections.Reflections              : Reflections took 7 ms to scan 1 urls, producing 4 keys and 9 values 
20:48:38:569  INFO 15936 --- [main] org.reflections.Reflections              : Reflections took 5 ms to scan 1 urls, producing 3 keys and 10 values 
20:48:38:572  WARN 15936 --- [main] org.reflections.Reflections              : given scan urls are empty. set urls in the configuration
20:48:38:577  INFO 15936 --- [main] org.reflections.Reflections              : Reflections took 5 ms to scan 1 urls, producing 1 keys and 5 values 
20:48:38:584  INFO 15936 --- [main] org.reflections.Reflections              : Reflections took 6 ms to scan 1 urls, producing 1 keys and 7 values 
20:48:38:591  INFO 15936 --- [main] org.reflections.Reflections              : Reflections took 5 ms to scan 1 urls, producing 2 keys and 8 values 
20:48:38:593  WARN 15936 --- [main] org.reflections.Reflections              : given scan urls are empty. set urls in the configuration
20:48:38:594  INFO 15936 --- [main] com.alibaba.nacos.common.remote.client   : [382e68a1-3c64-4dc2-80e8-6d8e43569b3a] RpcClient init label, labels = {module=naming, source=sdk}
20:48:38:596  INFO 15936 --- [main] com.alibaba.nacos.common.remote.client   : [382e68a1-3c64-4dc2-80e8-6d8e43569b3a] RpcClient init, ServerListFactory = com.alibaba.nacos.client.naming.core.ServerListManager
20:48:38:596  INFO 15936 --- [main] com.alibaba.nacos.common.remote.client   : [382e68a1-3c64-4dc2-80e8-6d8e43569b3a] Registry connection listener to current client:com.alibaba.nacos.client.naming.remote.gprc.redo.NamingGrpcRedoService
20:48:38:597  INFO 15936 --- [main] com.alibaba.nacos.common.remote.client   : [382e68a1-3c64-4dc2-80e8-6d8e43569b3a] Register server push request handler:com.alibaba.nacos.client.naming.remote.gprc.NamingPushRequestHandler
20:48:38:598  INFO 15936 --- [main] com.alibaba.nacos.common.remote.client   : [382e68a1-3c64-4dc2-80e8-6d8e43569b3a] Try to connect to server on start up, server: {serverIp = '192.168.174.129', server main port = 8848}
20:48:39:757  INFO 15936 --- [main] com.alibaba.nacos.common.remote.client   : [382e68a1-3c64-4dc2-80e8-6d8e43569b3a] Success to connect to server [192.168.174.129:8848] on start up, connectionId = 1737377319201_192.168.174.1_54026
20:48:39:757  INFO 15936 --- [com.alibaba.nacos.client.remote.worker] com.alibaba.nacos.common.remote.client   : [382e68a1-3c64-4dc2-80e8-6d8e43569b3a] Notify connected event to listeners.
20:48:39:758  INFO 15936 --- [main] com.alibaba.nacos.common.remote.client   : [382e68a1-3c64-4dc2-80e8-6d8e43569b3a] Register server push request handler:com.alibaba.nacos.common.remote.client.RpcClient$ConnectResetRequestHandler
20:48:39:758  INFO 15936 --- [main] com.alibaba.nacos.common.remote.client   : [382e68a1-3c64-4dc2-80e8-6d8e43569b3a] Register server push request handler:com.alibaba.nacos.common.remote.client.RpcClient$$Lambda$902/0x000000080067a040
20:48:39:804  INFO 15936 --- [main] o.s.b.w.embedded.tomcat.TomcatWebServer  : Tomcat started on port(s): 8083 (http) with context path ''
20:48:39:813  INFO 15936 --- [main] c.a.c.n.registry.NacosServiceRegistry    : nacos registry, DEFAULT_GROUP item-service 192.168.174.1:8083 register finished
20:48:40:342  INFO 16740 --- [nacos-grpc-client-executor-43] com.alibaba.nacos.common.remote.client   : [e7764fd1-d6db-4e4c-981f-856fe5485f67] Receive server push request, request = NotifySubscriberRequest, requestId = 5
20:48:40:347  INFO 15936 --- [nacos-grpc-client-executor-10] com.alibaba.nacos.common.remote.client   : [382e68a1-3c64-4dc2-80e8-6d8e43569b3a] Receive server push request, request = NotifySubscriberRequest, requestId = 4
20:48:40:350  INFO 15936 --- [nacos-grpc-client-executor-10] com.alibaba.nacos.common.remote.client   : [382e68a1-3c64-4dc2-80e8-6d8e43569b3a] Ack server push request, request = NotifySubscriberRequest, requestId = 4
20:48:40:350  INFO 16740 --- [nacos-grpc-client-executor-43] com.alibaba.nacos.common.remote.client   : [e7764fd1-d6db-4e4c-981f-856fe5485f67] Ack server push request, request = NotifySubscriberRequest, requestId = 5
20:48:41:101  INFO 15936 --- [main] o.s.cloud.commons.util.InetUtils         : Cannot determine local hostname
20:48:41:101  INFO 15936 --- [main] d.s.w.p.DocumentationPluginsBootstrapper : Documentation plugins bootstrapped
20:48:41:104  INFO 15936 --- [main] d.s.w.p.DocumentationPluginsBootstrapper : Found 1 custom documentation plugin(s)
20:48:41:132  INFO 15936 --- [main] s.d.s.w.s.ApiListingReferenceScanner     : Scanning for api listing references
20:48:41:216  INFO 15936 --- [main] com.hmall.item.ItemApplication           : Started ItemApplication in 10.203 seconds (JVM running for 10.867)
20:55:27:694  INFO 16740 --- [http-nio-8081-exec-1] o.a.c.c.C.[Tomcat].[localhost].[/]       : Initializing Spring DispatcherServlet 'dispatcherServlet'
20:55:27:696  INFO 16740 --- [http-nio-8081-exec-1] o.s.web.servlet.DispatcherServlet        : Initializing Servlet 'dispatcherServlet'
20:55:27:711  INFO 16740 --- [http-nio-8081-exec-1] o.s.web.servlet.DispatcherServlet        : Completed initialization in 15 ms
20:55:27:806  INFO 16740 --- [http-nio-8081-exec-1] com.zaxxer.hikari.HikariDataSource       : HikariPool-1 - Starting...
20:55:28:050  INFO 16740 --- [http-nio-8081-exec-1] com.zaxxer.hikari.HikariDataSource       : HikariPool-1 - Start completed.
20:55:28:055 DEBUG 16740 --- [http-nio-8081-exec-1] c.h.i.mapper.ItemMapper.selectBatchIds   : ==>  Preparing: SELECT id,name,price,stock,image,category,brand,spec,sold,comment_count,isAD,status,create_time,update_time,creater,updater FROM item WHERE id IN ( ? )
20:55:28:071 DEBUG 16740 --- [http-nio-8081-exec-1] c.h.i.mapper.ItemMapper.selectBatchIds   : ==> Parameters: 100000006163(Long)
20:55:28:090 DEBUG 16740 --- [http-nio-8081-exec-1] c.h.i.mapper.ItemMapper.selectBatchIds   : <==      Total: 1
21:08:14:314  WARN 15936 --- [Thread-7] c.a.n.common.http.HttpClientBeanHolder   : [HttpClientBeanHolder] Start destroying common HttpClient
21:08:14:314  WARN 15936 --- [Thread-4] c.a.nacos.common.notify.NotifyCenter     : [NotifyCenter] Start destroying Publisher
21:08:14:319  WARN 15936 --- [Thread-4] c.a.nacos.common.notify.NotifyCenter     : [NotifyCenter] Destruction of the end
21:08:14:320  WARN 15936 --- [Thread-7] c.a.n.common.http.HttpClientBeanHolder   : [HttpClientBeanHolder] Destruction of the end
21:08:14:571  INFO 15936 --- [SpringApplicationShutdownHook] c.a.c.n.registry.NacosServiceRegistry    : De-registering from Nacos Server now...
21:08:14:576  INFO 15936 --- [SpringApplicationShutdownHook] c.a.c.n.registry.NacosServiceRegistry    : De-registration finished.
21:08:14:907  INFO 15936 --- [SpringApplicationShutdownHook] com.alibaba.nacos.common.remote.client   : Shutdown rpc client, set status to shutdown
21:08:14:907  INFO 15936 --- [SpringApplicationShutdownHook] com.alibaba.nacos.common.remote.client   : Shutdown client event executor java.util.concurrent.ScheduledThreadPoolExecutor@4d89d1de[Running, pool size = 2, active threads = 2, queued tasks = 0, completed tasks = 0]
21:08:14:907  INFO 15936 --- [SpringApplicationShutdownHook] com.alibaba.nacos.common.remote.client   : Close current connection 1737377319201_192.168.174.1_54026
21:08:14:909  INFO 15936 --- [nacos-grpc-client-executor-253] c.a.n.c.remote.client.grpc.GrpcClient    : [1737377319201_192.168.174.1_54026]Ignore complete event,isRunning:false,isAbandon=false
21:08:14:922  INFO 15936 --- [SpringApplicationShutdownHook] c.a.n.c.remote.client.grpc.GrpcClient    : Shutdown grpc executor java.util.concurrent.ThreadPoolExecutor@64522620[Running, pool size = 5, active threads = 0, queued tasks = 0, completed tasks = 254]
21:08:15:171  INFO 16740 --- [nacos-grpc-client-executor-288] com.alibaba.nacos.common.remote.client   : [e7764fd1-d6db-4e4c-981f-856fe5485f67] Receive server push request, request = NotifySubscriberRequest, requestId = 10
21:08:15:177  INFO 16740 --- [nacos-grpc-client-executor-288] com.alibaba.nacos.common.remote.client   : [e7764fd1-d6db-4e4c-981f-856fe5485f67] Ack server push request, request = NotifySubscriberRequest, requestId = 10
21:37:58:314 DEBUG 16740 --- [http-nio-8081-exec-3] c.h.i.mapper.ItemMapper.selectBatchIds   : ==>  Preparing: SELECT id,name,price,stock,image,category,brand,spec,sold,comment_count,isAD,status,create_time,update_time,creater,updater FROM item WHERE id IN ( ? )
21:37:58:318 DEBUG 16740 --- [http-nio-8081-exec-3] c.h.i.mapper.ItemMapper.selectBatchIds   : ==> Parameters: 100000006163(Long)
21:37:58:322 DEBUG 16740 --- [http-nio-8081-exec-3] c.h.i.mapper.ItemMapper.selectBatchIds   : <==      Total: 1
21:56:23:389  WARN 16740 --- [Thread-4] c.a.nacos.common.notify.NotifyCenter     : [NotifyCenter] Start destroying Publisher
21:56:23:390  WARN 16740 --- [Thread-4] c.a.nacos.common.notify.NotifyCenter     : [NotifyCenter] Destruction of the end
21:56:23:390  WARN 16740 --- [Thread-7] c.a.n.common.http.HttpClientBeanHolder   : [HttpClientBeanHolder] Start destroying common HttpClient
21:56:23:392  WARN 16740 --- [Thread-7] c.a.n.common.http.HttpClientBeanHolder   : [HttpClientBeanHolder] Destruction of the end
21:56:23:648  INFO 16740 --- [SpringApplicationShutdownHook] c.a.c.n.registry.NacosServiceRegistry    : De-registering from Nacos Server now...
21:56:23:651  INFO 16740 --- [SpringApplicationShutdownHook] c.a.c.n.registry.NacosServiceRegistry    : De-registration finished.
21:56:23:985  INFO 16740 --- [SpringApplicationShutdownHook] com.alibaba.nacos.common.remote.client   : Shutdown rpc client, set status to shutdown
21:56:23:985  INFO 16740 --- [SpringApplicationShutdownHook] com.alibaba.nacos.common.remote.client   : Shutdown client event executor java.util.concurrent.ScheduledThreadPoolExecutor@5e6b55e0[Running, pool size = 2, active threads = 2, queued tasks = 0, completed tasks = 0]
21:56:23:985  INFO 16740 --- [SpringApplicationShutdownHook] com.alibaba.nacos.common.remote.client   : Close current connection 1737377197218_192.168.174.1_53129
21:56:23:987  INFO 16740 --- [nacos-grpc-client-executor-868] c.a.n.c.remote.client.grpc.GrpcClient    : [1737377197218_192.168.174.1_53129]Ignore complete event,isRunning:false,isAbandon=false
21:56:23:998  INFO 16740 --- [SpringApplicationShutdownHook] c.a.n.c.remote.client.grpc.GrpcClient    : Shutdown grpc executor java.util.concurrent.ThreadPoolExecutor@5e7f4cf0[Running, pool size = 5, active threads = 0, queued tasks = 0, completed tasks = 869]
21:56:24:006  INFO 16740 --- [SpringApplicationShutdownHook] com.zaxxer.hikari.HikariDataSource       : HikariPool-1 - Shutdown initiated...
21:56:24:014  INFO 16740 --- [SpringApplicationShutdownHook] com.zaxxer.hikari.HikariDataSource       : HikariPool-1 - Shutdown completed.
21:56:34:794  INFO 15700 --- [main] com.hmall.item.ItemApplication           : Starting ItemApplication using Java 11.0.25 on PeiDi with PID 15700 (C:\Users\18082\Desktop\java学习\SpringCloud微服务—资料\day03-微服务01\资料\hmall\item-service\target\classes started by 18082 in C:\Users\18082\Desktop\java学习\SpringCloud微服务—资料\day03-微服务01\资料\hmall)
21:56:34:796 DEBUG 15700 --- [main] com.hmall.item.ItemApplication           : Running with Spring Boot v2.7.12, Spring v5.3.27
21:56:34:796  INFO 15700 --- [main] com.hmall.item.ItemApplication           : The following 1 profile is active: "local"
21:56:35:497  INFO 15700 --- [main] o.s.cloud.context.scope.GenericScope     : BeanFactory id=c414497b-08ec-3e5c-a252-0da90406e5b8
21:56:35:726  INFO 15700 --- [main] o.s.b.w.embedded.tomcat.TomcatWebServer  : Tomcat initialized with port(s): 8081 (http)
21:56:35:727  INFO 15700 --- [main] o.a.catalina.core.AprLifecycleListener   : An older version [1.2.16] of the Apache Tomcat Native library is installed, while Tomcat recommends a minimum version of [1.2.30]
21:56:35:727  INFO 15700 --- [main] o.a.catalina.core.AprLifecycleListener   : Loaded Apache Tomcat Native library [1.2.16] using APR version [1.6.3].
21:56:35:727  INFO 15700 --- [main] o.a.catalina.core.AprLifecycleListener   : APR capabilities: IPv6 [true], sendfile [true], accept filters [false], random [true], UDS [false].
21:56:35:727  INFO 15700 --- [main] o.a.catalina.core.AprLifecycleListener   : APR/OpenSSL configuration: useAprConnector [false], useOpenSSL [true]
21:56:36:777  INFO 15700 --- [main] o.a.catalina.core.AprLifecycleListener   : OpenSSL successfully initialized [OpenSSL 1.0.2m  2 Nov 2017]
21:56:36:787  INFO 15700 --- [main] o.apache.catalina.core.StandardService   : Starting service [Tomcat]
21:56:36:787  INFO 15700 --- [main] org.apache.catalina.core.StandardEngine  : Starting Servlet engine: [Apache Tomcat/9.0.75]
21:56:36:880  INFO 15700 --- [main] o.a.c.c.C.[Tomcat].[localhost].[/]       : Initializing Spring embedded WebApplicationContext
21:56:36:881  INFO 15700 --- [main] w.s.c.ServletWebServerApplicationContext : Root WebApplicationContext: initialization completed in 2056 ms
21:56:39:470  INFO 15700 --- [main] o.s.cloud.commons.util.InetUtils         : Cannot determine local hostname
21:56:39:499  INFO 15700 --- [main] pertySourcedRequestMappingHandlerMapping : Mapped URL path [/v2/api-docs] onto method [springfox.documentation.swagger2.web.Swagger2ControllerWebMvc#getDocumentation(String, HttpServletRequest)]
21:56:40:858  INFO 15700 --- [main] o.s.cloud.commons.util.InetUtils         : Cannot determine local hostname
21:56:40:970  INFO 15700 --- [main] com.alibaba.nacos.common.remote.client   : [RpcClientFactory] create a new rpc client of 6e49a3a7-788e-4f11-8c45-7477468601cb
21:56:41:009  INFO 15700 --- [main] org.reflections.Reflections              : Reflections took 20 ms to scan 1 urls, producing 3 keys and 6 values 
21:56:41:029  INFO 15700 --- [main] org.reflections.Reflections              : Reflections took 8 ms to scan 1 urls, producing 4 keys and 9 values 
21:56:41:037  INFO 15700 --- [main] org.reflections.Reflections              : Reflections took 6 ms to scan 1 urls, producing 3 keys and 10 values 
21:56:41:039  WARN 15700 --- [main] org.reflections.Reflections              : given scan urls are empty. set urls in the configuration
21:56:41:045  INFO 15700 --- [main] org.reflections.Reflections              : Reflections took 5 ms to scan 1 urls, producing 1 keys and 5 values 
21:56:41:053  INFO 15700 --- [main] org.reflections.Reflections              : Reflections took 6 ms to scan 1 urls, producing 1 keys and 7 values 
21:56:41:062  INFO 15700 --- [main] org.reflections.Reflections              : Reflections took 6 ms to scan 1 urls, producing 2 keys and 8 values 
21:56:41:063  WARN 15700 --- [main] org.reflections.Reflections              : given scan urls are empty. set urls in the configuration
21:56:41:064  INFO 15700 --- [main] com.alibaba.nacos.common.remote.client   : [6e49a3a7-788e-4f11-8c45-7477468601cb] RpcClient init label, labels = {module=naming, source=sdk}
21:56:41:066  INFO 15700 --- [main] com.alibaba.nacos.common.remote.client   : [6e49a3a7-788e-4f11-8c45-7477468601cb] RpcClient init, ServerListFactory = com.alibaba.nacos.client.naming.core.ServerListManager
21:56:41:066  INFO 15700 --- [main] com.alibaba.nacos.common.remote.client   : [6e49a3a7-788e-4f11-8c45-7477468601cb] Registry connection listener to current client:com.alibaba.nacos.client.naming.remote.gprc.redo.NamingGrpcRedoService
21:56:41:066  INFO 15700 --- [main] com.alibaba.nacos.common.remote.client   : [6e49a3a7-788e-4f11-8c45-7477468601cb] Register server push request handler:com.alibaba.nacos.client.naming.remote.gprc.NamingPushRequestHandler
21:56:41:068  INFO 15700 --- [main] com.alibaba.nacos.common.remote.client   : [6e49a3a7-788e-4f11-8c45-7477468601cb] Try to connect to server on start up, server: {serverIp = '192.168.174.129', server main port = 8848}
21:56:42:435  INFO 15700 --- [main] com.alibaba.nacos.common.remote.client   : [6e49a3a7-788e-4f11-8c45-7477468601cb] Success to connect to server [192.168.174.129:8848] on start up, connectionId = 1737381401873_192.168.174.1_50965
21:56:42:436  INFO 15700 --- [com.alibaba.nacos.client.remote.worker] com.alibaba.nacos.common.remote.client   : [6e49a3a7-788e-4f11-8c45-7477468601cb] Notify connected event to listeners.
21:56:42:437  INFO 15700 --- [main] com.alibaba.nacos.common.remote.client   : [6e49a3a7-788e-4f11-8c45-7477468601cb] Register server push request handler:com.alibaba.nacos.common.remote.client.RpcClient$ConnectResetRequestHandler
21:56:42:437  INFO 15700 --- [main] com.alibaba.nacos.common.remote.client   : [6e49a3a7-788e-4f11-8c45-7477468601cb] Register server push request handler:com.alibaba.nacos.common.remote.client.RpcClient$$Lambda$902/0x000000080067a040
21:56:42:487  INFO 15700 --- [main] o.s.b.w.embedded.tomcat.TomcatWebServer  : Tomcat started on port(s): 8081 (http) with context path ''
21:56:42:496  INFO 15700 --- [main] c.a.c.n.registry.NacosServiceRegistry    : nacos registry, DEFAULT_GROUP item-service 192.168.174.1:8081 register finished
21:56:43:038  INFO 15700 --- [nacos-grpc-client-executor-9] com.alibaba.nacos.common.remote.client   : [6e49a3a7-788e-4f11-8c45-7477468601cb] Receive server push request, request = NotifySubscriberRequest, requestId = 18
21:56:43:048  INFO 15700 --- [nacos-grpc-client-executor-9] com.alibaba.nacos.common.remote.client   : [6e49a3a7-788e-4f11-8c45-7477468601cb] Ack server push request, request = NotifySubscriberRequest, requestId = 18
21:56:43:813  INFO 15700 --- [main] o.s.cloud.commons.util.InetUtils         : Cannot determine local hostname
21:56:43:814  INFO 15700 --- [main] d.s.w.p.DocumentationPluginsBootstrapper : Documentation plugins bootstrapped
21:56:43:816  INFO 15700 --- [main] d.s.w.p.DocumentationPluginsBootstrapper : Found 1 custom documentation plugin(s)
21:56:43:854  INFO 15700 --- [main] s.d.s.w.s.ApiListingReferenceScanner     : Scanning for api listing references
21:56:43:976  INFO 15700 --- [main] com.hmall.item.ItemApplication           : Started ItemApplication in 10.866 seconds (JVM running for 11.553)
